This is XeTeX, Version 3.14159265-2.6-0.999991 (TeX Live 2019/Debian) (preloaded format=xelatex 2021.3.3)  16 NOV 2022 13:28
entering extended mode
 restricted \write18 enabled.
 %&-line parsing enabled.
**/home/en0cs/uni/honours/sent/final/img/svb16.tex
(/home/en0cs/uni/honours/sent/final/img/svb16.tex
LaTeX2e <2020-02-02> patch level 2
L3 programming layer <2020-02-14>

! LaTeX Error: Environment tikzpicture undefined.

See the LaTeX manual or LaTeX Companion for explanation.
Type  H <return>  for immediate help.
 ...                                              
                                                  
l.2 \centering\begin{tikzpicture}
                                 [node distance=0cm,start chain=1 going righ...

? x
 
Here is how much of TeX's memory you used:
 17 strings out of 481772
 546 string characters out of 5936452
 238696 words of memory out of 5000000
 17118 multiletter control sequences out of 15000+600000
 532338 words of font info for 24 fonts, out of 8000000 for 9000
 14 hyphenation exceptions out of 8191
 12i,0n,15p,177b,16s stack positions out of 5000i,500n,10000p,200000b,80000s
No pages of output.
