This is pdfTeX, Version 3.14159265-2.6-1.40.20 (TeX Live 2019/Debian) (preloaded format=pdflatex 2021.3.3)  6 NOV 2022 23:46
entering extended mode
 restricted \write18 enabled.
 %&-line parsing enabled.
**thesis
(./thesis.tex
LaTeX2e <2020-02-02> patch level 2
L3 programming layer <2020-02-14> (./usydthesis.cls
Document Class: usydthesis 
(/usr/share/texlive/texmf-dist/tex/latex/amscls/amsbook.cls
Document Class: amsbook 2017/10/31 v2.20.4
\linespacing=\dimen134
\normalparindent=\dimen135
\normaltopskip=\skip47
(/usr/share/texlive/texmf-dist/tex/latex/amsmath/amsmath.sty
Package: amsmath 2020/01/20 v2.17e AMS math features
\@mathmargin=\skip48

For additional information on amsmath, use the `?' option.
(/usr/share/texlive/texmf-dist/tex/latex/amsmath/amstext.sty
Package: amstext 2000/06/29 v2.01 AMS text

(/usr/share/texlive/texmf-dist/tex/latex/amsmath/amsgen.sty
File: amsgen.sty 1999/11/30 v2.0 generic functions
\@emptytoks=\toks14
\ex@=\dimen136
))
(/usr/share/texlive/texmf-dist/tex/latex/amsmath/amsbsy.sty
Package: amsbsy 1999/11/29 v1.2d Bold Symbols
\pmbraise@=\dimen137
)
(/usr/share/texlive/texmf-dist/tex/latex/amsmath/amsopn.sty
Package: amsopn 2016/03/08 v2.02 operator names
)
\inf@bad=\count167
LaTeX Info: Redefining \frac on input line 227.
\uproot@=\count168
\leftroot@=\count169
LaTeX Info: Redefining \overline on input line 389.
\classnum@=\count170
\DOTSCASE@=\count171
LaTeX Info: Redefining \ldots on input line 486.
LaTeX Info: Redefining \dots on input line 489.
LaTeX Info: Redefining \cdots on input line 610.
\Mathstrutbox@=\box45
\strutbox@=\box46
\big@size=\dimen138
LaTeX Font Info:    Redeclaring font encoding OML on input line 733.
LaTeX Font Info:    Redeclaring font encoding OMS on input line 734.
\macc@depth=\count172
\c@MaxMatrixCols=\count173
\dotsspace@=\muskip16
\c@parentequation=\count174
\dspbrk@lvl=\count175
\tag@help=\toks15
\row@=\count176
\column@=\count177
\maxfields@=\count178
\andhelp@=\toks16
\eqnshift@=\dimen139
\alignsep@=\dimen140
\tagshift@=\dimen141
\tagwidth@=\dimen142
\totwidth@=\dimen143
\lineht@=\dimen144
\@envbody=\toks17
\multlinegap=\skip49
\multlinetaggap=\skip50
\mathdisplay@stack=\toks18
LaTeX Info: Redefining \[ on input line 2859.
LaTeX Info: Redefining \] on input line 2860.
)
LaTeX Font Info:    Trying to load font information for U+msa on input line 377
.

(/usr/share/texlive/texmf-dist/tex/latex/amsfonts/umsa.fd
File: umsa.fd 2013/01/14 v3.01 AMS symbols A
)
(/usr/share/texlive/texmf-dist/tex/latex/amsfonts/amsfonts.sty
Package: amsfonts 2013/01/14 v3.01 Basic AMSFonts support
\symAMSa=\mathgroup4
\symAMSb=\mathgroup5
LaTeX Font Info:    Redeclaring math symbol \hbar on input line 98.
LaTeX Font Info:    Overwriting math alphabet `\mathfrak' in version `bold'
(Font)                  U/euf/m/n --> U/euf/b/n on input line 106.
)
\copyins=\insert199
\abstractbox=\box47
\listisep=\skip51
\c@part=\count179
\c@chapter=\count180
\c@section=\count181
\c@subsection=\count182
\c@subsubsection=\count183
\c@paragraph=\count184
\c@subparagraph=\count185
\c@figure=\count186
\c@table=\count187
\abovecaptionskip=\skip52
\belowcaptionskip=\skip53
\captionindent=\dimen145
\thm@style=\toks19
\thm@bodyfont=\toks20
\thm@headfont=\toks21
\thm@notefont=\toks22
\thm@headpunct=\toks23
\thm@preskip=\skip54
\thm@postskip=\skip55
\thm@headsep=\skip56
\dth@everypar=\toks24
)
(/usr/share/texlive/texmf-dist/tex/latex/graphics/epsfig.sty
Package: epsfig 2017/06/25 v1.7b (e)psfig emulation (SPQR)

(/usr/share/texlive/texmf-dist/tex/latex/graphics/graphicx.sty
Package: graphicx 2019/11/30 v1.2a Enhanced LaTeX Graphics (DPC,SPQR)

(/usr/share/texlive/texmf-dist/tex/latex/graphics/keyval.sty
Package: keyval 2014/10/28 v1.15 key=value parser (DPC)
\KV@toks@=\toks25
)
(/usr/share/texlive/texmf-dist/tex/latex/graphics/graphics.sty
Package: graphics 2019/11/30 v1.4a Standard LaTeX Graphics (DPC,SPQR)

(/usr/share/texlive/texmf-dist/tex/latex/graphics/trig.sty
Package: trig 2016/01/03 v1.10 sin cos tan (DPC)
)
(/usr/share/texlive/texmf-dist/tex/latex/graphics-cfg/graphics.cfg
File: graphics.cfg 2016/06/04 v1.11 sample graphics configuration
)
Package graphics Info: Driver file: pdftex.def on input line 105.

(/usr/share/texlive/texmf-dist/tex/latex/graphics-def/pdftex.def
File: pdftex.def 2018/01/08 v1.0l Graphics/color driver for pdftex
))
\Gin@req@height=\dimen146
\Gin@req@width=\dimen147
)
\epsfxsize=\dimen148
\epsfysize=\dimen149
)
(./style/prettyref.sty
Package: style/prettyref 1998/07/09 v3.0

(/usr/share/texlive/texmf-dist/tex/latex/tools/varioref.sty
Package: varioref 2020/01/23 v1.6c package for extended references (FMi)
\c@vrcnt=\count188
))
(/usr/share/texlive/texmf-dist/tex/latex/amsfonts/amssymb.sty
Package: amssymb 2013/01/14 v3.01 AMS font symbols
)
(/usr/share/texlive/texmf-dist/tex/latex/algorithms/algorithm.sty
Package: algorithm 2009/08/24 v0.1 Document Style `algorithm' - floating enviro
nment

(/usr/share/texlive/texmf-dist/tex/latex/float/float.sty
Package: float 2001/11/08 v1.3d Float enhancements (AL)
\c@float@type=\count189
\float@exts=\toks26
\float@box=\box48
\@float@everytoks=\toks27
\@floatcapt=\box49
)
(/usr/share/texlive/texmf-dist/tex/latex/base/ifthen.sty
Package: ifthen 2014/09/29 v1.1c Standard LaTeX ifthen package (DPC)
)
\@float@every@algorithm=\toks28
\c@algorithm=\count190
)
(/usr/share/texlive/texmf-dist/tex/latex/algorithms/algorithmic.sty
Package: algorithmic 2009/08/24 v0.1 Document Style `algorithmic'
\c@ALC@unique=\count191
\c@ALC@line=\count192
\c@ALC@rem=\count193
\c@ALC@depth=\count194
\ALC@tlm=\skip57
\algorithmicindent=\skip58
)
(./style/footmisc.sty
Package: style/footmisc 2003/01/27 v5.2 a miscellany of footnote facilities
\FN@temptoken=\toks29
\footnotemargin=\dimen150
)
(/usr/share/texlive/texmf-dist/tex/latex/psnfss/times.sty
Package: times 2005/04/12 PSNFSS-v9.2a (SPQR) 
)
(/usr/share/texlive/texmf-dist/tex/latex/base/fontenc.sty
Package: fontenc 2020/02/11 v2.0o Standard LaTeX package
LaTeX Font Info:    Trying to load font information for T1+ptm on input line 11
2.

(/usr/share/texlive/texmf-dist/tex/latex/psnfss/t1ptm.fd
File: t1ptm.fd 2001/06/04 font definitions for T1/ptm.
))
(/usr/share/texlive/texmf-dist/tex/latex/base/textcomp.sty
Package: textcomp 2020/02/02 v2.0n Standard LaTeX package
)
(/usr/share/texlive/texmf-dist/tex/generic/beebe/texnames.sty
This is texnames.sty, Version 1.10 <02 March 1998>
)
\c@lemma=\count195
) (/usr/share/texlive/texmf-dist/tex/latex/xcolor/xcolor.sty
Package: xcolor 2016/05/11 v2.12 LaTeX color extensions (UK)

(/usr/share/texlive/texmf-dist/tex/latex/graphics-cfg/color.cfg
File: color.cfg 2016/01/02 v1.6 sample color configuration
)
Package xcolor Info: Driver file: pdftex.def on input line 225.

(/usr/share/texlive/texmf-dist/tex/latex/colortbl/colortbl.sty
Package: colortbl 2020/01/04 v1.0e Color table columns (DPC)

(/usr/share/texlive/texmf-dist/tex/latex/tools/array.sty
Package: array 2019/08/31 v2.4l Tabular extension package (FMi)
\col@sep=\dimen151
\ar@mcellbox=\box50
\extrarowheight=\dimen152
\NC@list=\toks30
\extratabsurround=\skip59
\backup@length=\skip60
\ar@cellbox=\box51
)
\everycr=\toks31
\minrowclearance=\skip61
)
\rownum=\count196
Package xcolor Info: Model `cmy' substituted by `cmy0' on input line 1348.
Package xcolor Info: Model `hsb' substituted by `rgb' on input line 1352.
Package xcolor Info: Model `RGB' extended on input line 1364.
Package xcolor Info: Model `HTML' substituted by `rgb' on input line 1366.
Package xcolor Info: Model `Hsb' substituted by `hsb' on input line 1367.
Package xcolor Info: Model `tHsb' substituted by `hsb' on input line 1368.
Package xcolor Info: Model `HSB' substituted by `hsb' on input line 1369.
Package xcolor Info: Model `Gray' substituted by `gray' on input line 1370.
Package xcolor Info: Model `wave' substituted by `hsb' on input line 1371.

(/usr/share/texlive/texmf-dist/tex/latex/graphics/dvipsnam.def
File: dvipsnam.def 2016/06/17 v3.0m Driver-dependent file (DPC,SPQR)
))
(/usr/share/texlive/texmf-dist/tex/latex/adjustbox/adjustbox.sty
Package: adjustbox 2019/01/04 v1.2 Adjusting TeX boxes (trim, clip, ...)

(/usr/share/texlive/texmf-dist/tex/latex/xkeyval/xkeyval.sty
Package: xkeyval 2014/12/03 v2.7a package option processing (HA)

(/usr/share/texlive/texmf-dist/tex/generic/xkeyval/xkeyval.tex
(/usr/share/texlive/texmf-dist/tex/generic/xkeyval/xkvutils.tex
\XKV@toks=\toks32
\XKV@tempa@toks=\toks33
)
\XKV@depth=\count197
File: xkeyval.tex 2014/12/03 v2.7a key=value parser (HA)
))
(/usr/share/texlive/texmf-dist/tex/latex/adjustbox/adjcalc.sty
Package: adjcalc 2012/05/16 v1.1 Provides advanced setlength with multiple back
-ends (calc, etex, pgfmath)
)
(/usr/share/texlive/texmf-dist/tex/latex/adjustbox/trimclip.sty
Package: trimclip 2018/04/08 v1.1 Trim and clip general TeX material

(/usr/share/texlive/texmf-dist/tex/latex/collectbox/collectbox.sty
Package: collectbox 2012/05/17 v0.4b Collect macro arguments as boxes
\collectedbox=\box52
)
\tc@llx=\dimen153
\tc@lly=\dimen154
\tc@urx=\dimen155
\tc@ury=\dimen156
Package trimclip Info: Using driver 'tc-pdftex.def'.

(/usr/share/texlive/texmf-dist/tex/latex/adjustbox/tc-pdftex.def
File: tc-pdftex.def 2019/01/04 v2.2 Clipping driver for pdftex
))
\adjbox@Width=\dimen157
\adjbox@Height=\dimen158
\adjbox@Depth=\dimen159
\adjbox@Totalheight=\dimen160
\adjbox@pwidth=\dimen161
\adjbox@pheight=\dimen162
\adjbox@pdepth=\dimen163
\adjbox@ptotalheight=\dimen164

(/usr/share/texlive/texmf-dist/tex/latex/ifoddpage/ifoddpage.sty
Package: ifoddpage 2016/04/23 v1.1 Conditionals for odd/even page detection
\c@checkoddpage=\count198
)
(/usr/share/texlive/texmf-dist/tex/latex/varwidth/varwidth.sty
Package: varwidth 2009/03/30 ver 0.92;  Variable-width minipages
\@vwid@box=\box53
\sift@deathcycles=\count266
\@vwid@loff=\dimen165
\@vwid@roff=\dimen166
))
(/usr/share/texlive/texmf-dist/tex/latex/tools/afterpage.sty
Package: afterpage 2014/10/28 v1.08 After-Page Package (DPC)
\AP@output=\toks34
\AP@partial=\box54
\AP@footins=\box55
)
(/usr/share/texlive/texmf-dist/tex/latex/base/alltt.sty
Package: alltt 1997/06/16 v2.0g defines alltt environment
)
(/usr/share/texlive/texmf-dist/tex/latex/bbm-macros/bbm.sty
Package: bbm 1999/03/15 V 1.2 provides fonts for set symbols - TH
LaTeX Font Info:    Overwriting math alphabet `\mathbbm' in version `bold'
(Font)                  U/bbm/m/n --> U/bbm/bx/n on input line 33.
LaTeX Font Info:    Overwriting math alphabet `\mathbbmss' in version `bold'
(Font)                  U/bbmss/m/n --> U/bbmss/bx/n on input line 35.
)
(/usr/share/texlive/texmf-dist/tex/latex/csquotes/csquotes.sty
Package: csquotes 2019-12-06 v5.2j context-sensitive quotations (JAW)

(/usr/share/texlive/texmf-dist/tex/latex/etoolbox/etoolbox.sty
Package: etoolbox 2019/09/21 v2.5h e-TeX tools for LaTeX (JAW)
\etb@tempcnta=\count267
)
\csq@reset=\count268
\csq@gtype=\count269
\csq@glevel=\count270
\csq@qlevel=\count271
\csq@maxlvl=\count272
\csq@tshold=\count273
\csq@ltx@everypar=\toks35

(/usr/share/texlive/texmf-dist/tex/latex/csquotes/csquotes.def
File: csquotes.def 2019-12-06 v5.2j csquotes generic definitions (JAW)
)
Package csquotes Info: Trying to load configuration file 'csquotes.cfg'...
Package csquotes Info: ... configuration file loaded successfully.

(/usr/share/texlive/texmf-dist/tex/latex/csquotes/csquotes.cfg
File: csquotes.cfg 
))
(/usr/share/texlive/texmf-dist/tex/latex/hyperref/hyperref.sty
Package: hyperref 2020/01/14 v7.00d Hypertext links for LaTeX

(/usr/share/texlive/texmf-dist/tex/generic/ltxcmds/ltxcmds.sty
Package: ltxcmds 2019/12/15 v1.24 LaTeX kernel commands for general use (HO)
)
(/usr/share/texlive/texmf-dist/tex/generic/iftex/iftex.sty
Package: iftex 2019/11/07 v1.0c TeX engine tests
)
(/usr/share/texlive/texmf-dist/tex/latex/pdftexcmds/pdftexcmds.sty
Package: pdftexcmds 2019/11/24 v0.31 Utility functions of pdfTeX for LuaTeX (HO
)

(/usr/share/texlive/texmf-dist/tex/generic/infwarerr/infwarerr.sty
Package: infwarerr 2019/12/03 v1.5 Providing info/warning/error messages (HO)
)
Package pdftexcmds Info: \pdf@primitive is available.
Package pdftexcmds Info: \pdf@ifprimitive is available.
Package pdftexcmds Info: \pdfdraftmode found.
)
(/usr/share/texlive/texmf-dist/tex/generic/kvsetkeys/kvsetkeys.sty
Package: kvsetkeys 2019/12/15 v1.18 Key value parser (HO)
)
(/usr/share/texlive/texmf-dist/tex/generic/kvdefinekeys/kvdefinekeys.sty
Package: kvdefinekeys 2019-12-19 v1.6 Define keys (HO)
)
(/usr/share/texlive/texmf-dist/tex/generic/pdfescape/pdfescape.sty
Package: pdfescape 2019/12/09 v1.15 Implements pdfTeX's escape features (HO)
)
(/usr/share/texlive/texmf-dist/tex/latex/hycolor/hycolor.sty
Package: hycolor 2020-01-27 v1.10 Color options for hyperref/bookmark (HO)
)
(/usr/share/texlive/texmf-dist/tex/latex/letltxmacro/letltxmacro.sty
Package: letltxmacro 2019/12/03 v1.6 Let assignment for LaTeX macros (HO)
)
(/usr/share/texlive/texmf-dist/tex/latex/auxhook/auxhook.sty
Package: auxhook 2019-12-17 v1.6 Hooks for auxiliary files (HO)
)
(/usr/share/texlive/texmf-dist/tex/latex/kvoptions/kvoptions.sty
Package: kvoptions 2019/11/29 v3.13 Key value format for package options (HO)
)
\@linkdim=\dimen167
\Hy@linkcounter=\count274
\Hy@pagecounter=\count275

(/usr/share/texlive/texmf-dist/tex/latex/hyperref/pd1enc.def
File: pd1enc.def 2020/01/14 v7.00d Hyperref: PDFDocEncoding definition (HO)
Now handling font encoding PD1 ...
... no UTF-8 mapping file for font encoding PD1
)
(/usr/share/texlive/texmf-dist/tex/generic/intcalc/intcalc.sty
Package: intcalc 2019/12/15 v1.3 Expandable calculations with integers (HO)
)
(/usr/share/texlive/texmf-dist/tex/generic/etexcmds/etexcmds.sty
Package: etexcmds 2019/12/15 v1.7 Avoid name clashes with e-TeX commands (HO)
)
\Hy@SavedSpaceFactor=\count276
\pdfmajorversion=\count277
Package hyperref Info: Option `colorlinks' set `false' on input line 4421.
Package hyperref Info: Option `plainpages' set `false' on input line 4421.


Package hyperref Warning: Option `a4paper' is no longer used.

Package hyperref Info: Hyper figures OFF on input line 4547.
Package hyperref Info: Link nesting OFF on input line 4552.
Package hyperref Info: Hyper index ON on input line 4555.
Package hyperref Info: Plain pages OFF on input line 4562.
Package hyperref Info: Backreferencing OFF on input line 4567.
Package hyperref Info: Implicit mode ON; LaTeX internals redefined.
Package hyperref Info: Bookmarks ON on input line 4800.
\c@Hy@tempcnt=\count278
(/usr/share/texlive/texmf-dist/tex/latex/url/url.sty
\Urlmuskip=\muskip17
Package: url 2013/09/16  ver 3.4  Verb mode for urls, etc.
)
LaTeX Info: Redefining \url on input line 5159.
\XeTeXLinkMargin=\dimen168

(/usr/share/texlive/texmf-dist/tex/generic/bitset/bitset.sty
Package: bitset 2019/12/09 v1.3 Handle bit-vector datatype (HO)

(/usr/share/texlive/texmf-dist/tex/generic/bigintcalc/bigintcalc.sty
Package: bigintcalc 2019/12/15 v1.5 Expandable calculations on big integers (HO
)
))
\Fld@menulength=\count279
\Field@Width=\dimen169
\Fld@charsize=\dimen170
Package hyperref Info: Hyper figures OFF on input line 6430.
Package hyperref Info: Link nesting OFF on input line 6435.
Package hyperref Info: Hyper index ON on input line 6438.
Package hyperref Info: backreferencing OFF on input line 6445.
Package hyperref Info: Link coloring OFF on input line 6450.
Package hyperref Info: Link coloring with OCG OFF on input line 6455.
Package hyperref Info: PDF/A mode OFF on input line 6460.
LaTeX Info: Redefining \ref on input line 6500.
LaTeX Info: Redefining \pageref on input line 6504.

(/usr/share/texlive/texmf-dist/tex/generic/atbegshi/atbegshi.sty
Package: atbegshi 2019/12/05 v1.19 At begin shipout hook (HO)
)
\Hy@abspage=\count280
\c@Item=\count281
\c@Hfootnote=\count282
)
Package hyperref Info: Driver (autodetected): hpdftex.

(/usr/share/texlive/texmf-dist/tex/latex/hyperref/hpdftex.def
File: hpdftex.def 2020/01/14 v7.00d Hyperref driver for pdfTeX

(/usr/share/texlive/texmf-dist/tex/latex/atveryend/atveryend.sty
Package: atveryend 2019-12-11 v1.11 Hooks at the very end of document (HO)
Package atveryend Info: \AP@enddocument detected (standard20110627).
)
\Fld@listcount=\count283
\c@bookmark@seq@number=\count284

(/usr/share/texlive/texmf-dist/tex/latex/rerunfilecheck/rerunfilecheck.sty
Package: rerunfilecheck 2019/12/05 v1.9 Rerun checks for auxiliary files (HO)

(/usr/share/texlive/texmf-dist/tex/generic/uniquecounter/uniquecounter.sty
Package: uniquecounter 2019/12/15 v1.4 Provide unlimited unique counter (HO)
)
Package uniquecounter Info: New unique counter `rerunfilecheck' on input line 2
86.
)
\Hy@SectionHShift=\skip62
)
(/usr/share/texlive/texmf-dist/tex/latex/oberdiek/hypcap.sty
Package: hypcap 2016/05/16 v1.12 Adjusting the anchors of captions (HO)
)
(/usr/share/texlive/texmf-dist/tex/latex/listings/listings.sty
\lst@mode=\count285
\lst@gtempboxa=\box56
\lst@token=\toks36
\lst@length=\count286
\lst@currlwidth=\dimen171
\lst@column=\count287
\lst@pos=\count288
\lst@lostspace=\dimen172
\lst@width=\dimen173
\lst@newlines=\count289
\lst@lineno=\count290
\lst@maxwidth=\dimen174

(/usr/share/texlive/texmf-dist/tex/latex/listings/lstmisc.sty
File: lstmisc.sty 2019/09/10 1.8c (Carsten Heinz)
\c@lstnumber=\count291
\lst@skipnumbers=\count292
\lst@framebox=\box57
)
(/usr/share/texlive/texmf-dist/tex/latex/listings/listings.cfg
File: listings.cfg 2019/09/10 1.8c listings configuration
))
Package: listings 2019/09/10 1.8c (Carsten Heinz)

(/usr/share/texlive/texmf-dist/tex/latex/tools/longtable.sty
Package: longtable 2020/01/07 v4.13 Multi-page Table package (DPC)
\LTleft=\skip63
\LTright=\skip64
\LTpre=\skip65
\LTpost=\skip66
\LTchunksize=\count293
\LTcapwidth=\dimen175
\LT@head=\box58
\LT@firsthead=\box59
\LT@foot=\box60
\LT@lastfoot=\box61
\LT@cols=\count294
\LT@rows=\count295
\c@LT@tables=\count296
\c@LT@chunks=\count297
\LT@p@ftn=\toks37
)
(/usr/share/texlive/texmf-dist/tex/latex/mathtools/mathtools.sty
Package: mathtools 2020/01/17 v1.23 mathematical typesetting tools

(/usr/share/texlive/texmf-dist/tex/latex/tools/calc.sty
Package: calc 2017/05/25 v4.3 Infix arithmetic (KKT,FJ)
\calc@Acount=\count298
\calc@Bcount=\count299
\calc@Adimen=\dimen176
\calc@Bdimen=\dimen177
\calc@Askip=\skip67
\calc@Bskip=\skip68
LaTeX Info: Redefining \setlength on input line 80.
LaTeX Info: Redefining \addtolength on input line 81.
\calc@Ccount=\count300
\calc@Cskip=\skip69
)
(/usr/share/texlive/texmf-dist/tex/latex/mathtools/mhsetup.sty
Package: mhsetup 2017/03/31 v1.3 programming setup (MH)
)
LaTeX Info: Thecontrolsequence`\('isalreadyrobust on input line 129.
LaTeX Info: Thecontrolsequence`\)'isalreadyrobust on input line 129.
LaTeX Info: Thecontrolsequence`\['isalreadyrobust on input line 129.
LaTeX Info: Thecontrolsequence`\]'isalreadyrobust on input line 129.
\g_MT_multlinerow_int=\count301
\l_MT_multwidth_dim=\dimen178
\origjot=\skip70
\l_MT_shortvdotswithinadjustabove_dim=\dimen179
\l_MT_shortvdotswithinadjustbelow_dim=\dimen180
\l_MT_above_intertext_sep=\dimen181
\l_MT_below_intertext_sep=\dimen182
\l_MT_above_shortintertext_sep=\dimen183
\l_MT_below_shortintertext_sep=\dimen184
)
(/usr/share/texlive/texmf-dist/tex/latex/multirow/multirow.sty
Package: multirow 2019/05/31 v2.5 Span multiple rows of a table
\multirow@colwidth=\skip71
\multirow@cntb=\count302
\multirow@dima=\skip72
\bigstrutjot=\dimen185
)
(/usr/share/texlive/texmf-dist/tex/latex/pdflscape/pdflscape.sty
Package: pdflscape 2019/12/05 v0.12 Display of landscape pages in PDF (HO)

(/usr/share/texlive/texmf-dist/tex/latex/graphics/lscape.sty
Package: lscape 2000/10/22 v3.01 Landscape Pages (DPC)
)
Package pdflscape Info: Auto-detected driver: pdftex on input line 81.
)
(/usr/share/texlive/texmf-dist/tex/latex/pgf/basiclayer/pgf.sty
(/usr/share/texlive/texmf-dist/tex/latex/pgf/utilities/pgfrcs.sty
(/usr/share/texlive/texmf-dist/tex/generic/pgf/utilities/pgfutil-common.tex
\pgfutil@everybye=\toks38
\pgfutil@tempdima=\dimen186
\pgfutil@tempdimb=\dimen187

(/usr/share/texlive/texmf-dist/tex/generic/pgf/utilities/pgfutil-common-lists.t
ex)) (/usr/share/texlive/texmf-dist/tex/generic/pgf/utilities/pgfutil-latex.def
\pgfutil@abb=\box62
(/usr/share/texlive/texmf-dist/tex/latex/ms/everyshi.sty
Package: everyshi 2001/05/15 v3.00 EveryShipout Package (MS)
))
(/usr/share/texlive/texmf-dist/tex/generic/pgf/utilities/pgfrcs.code.tex
(/usr/share/texlive/texmf-dist/tex/generic/pgf/pgf.revision.tex)
Package: pgfrcs 2020/01/08 v3.1.5b (3.1.5b)
))
Package: pgf 2020/01/08 v3.1.5b (3.1.5b)

(/usr/share/texlive/texmf-dist/tex/latex/pgf/basiclayer/pgfcore.sty
(/usr/share/texlive/texmf-dist/tex/latex/pgf/systemlayer/pgfsys.sty
(/usr/share/texlive/texmf-dist/tex/generic/pgf/systemlayer/pgfsys.code.tex
Package: pgfsys 2020/01/08 v3.1.5b (3.1.5b)

(/usr/share/texlive/texmf-dist/tex/generic/pgf/utilities/pgfkeys.code.tex
\pgfkeys@pathtoks=\toks39
\pgfkeys@temptoks=\toks40

(/usr/share/texlive/texmf-dist/tex/generic/pgf/utilities/pgfkeysfiltered.code.t
ex
\pgfkeys@tmptoks=\toks41
))
\pgf@x=\dimen188
\pgf@y=\dimen189
\pgf@xa=\dimen190
\pgf@ya=\dimen191
\pgf@xb=\dimen192
\pgf@yb=\dimen193
\pgf@xc=\dimen194
\pgf@yc=\dimen195
\pgf@xd=\dimen196
\pgf@yd=\dimen197
\w@pgf@writea=\write3
\r@pgf@reada=\read2
\c@pgf@counta=\count303
\c@pgf@countb=\count304
\c@pgf@countc=\count305
\c@pgf@countd=\count306
\t@pgf@toka=\toks42
\t@pgf@tokb=\toks43
\t@pgf@tokc=\toks44
\pgf@sys@id@count=\count307
 (/usr/share/texlive/texmf-dist/tex/generic/pgf/systemlayer/pgf.cfg
File: pgf.cfg 2020/01/08 v3.1.5b (3.1.5b)
)
Driver file for pgf: pgfsys-pdftex.def

(/usr/share/texlive/texmf-dist/tex/generic/pgf/systemlayer/pgfsys-pdftex.def
File: pgfsys-pdftex.def 2020/01/08 v3.1.5b (3.1.5b)

(/usr/share/texlive/texmf-dist/tex/generic/pgf/systemlayer/pgfsys-common-pdf.de
f
File: pgfsys-common-pdf.def 2020/01/08 v3.1.5b (3.1.5b)
)))
(/usr/share/texlive/texmf-dist/tex/generic/pgf/systemlayer/pgfsyssoftpath.code.
tex
File: pgfsyssoftpath.code.tex 2020/01/08 v3.1.5b (3.1.5b)
\pgfsyssoftpath@smallbuffer@items=\count308
\pgfsyssoftpath@bigbuffer@items=\count309
)
(/usr/share/texlive/texmf-dist/tex/generic/pgf/systemlayer/pgfsysprotocol.code.
tex
File: pgfsysprotocol.code.tex 2020/01/08 v3.1.5b (3.1.5b)
))
(/usr/share/texlive/texmf-dist/tex/generic/pgf/basiclayer/pgfcore.code.tex
Package: pgfcore 2020/01/08 v3.1.5b (3.1.5b)

(/usr/share/texlive/texmf-dist/tex/generic/pgf/math/pgfmath.code.tex
(/usr/share/texlive/texmf-dist/tex/generic/pgf/math/pgfmathcalc.code.tex
(/usr/share/texlive/texmf-dist/tex/generic/pgf/math/pgfmathutil.code.tex)
(/usr/share/texlive/texmf-dist/tex/generic/pgf/math/pgfmathparser.code.tex
\pgfmath@dimen=\dimen198
\pgfmath@count=\count310
\pgfmath@box=\box63
\pgfmath@toks=\toks45
\pgfmath@stack@operand=\toks46
\pgfmath@stack@operation=\toks47
)
(/usr/share/texlive/texmf-dist/tex/generic/pgf/math/pgfmathfunctions.code.tex
(/usr/share/texlive/texmf-dist/tex/generic/pgf/math/pgfmathfunctions.basic.code
.tex)
(/usr/share/texlive/texmf-dist/tex/generic/pgf/math/pgfmathfunctions.trigonomet
ric.code.tex)
(/usr/share/texlive/texmf-dist/tex/generic/pgf/math/pgfmathfunctions.random.cod
e.tex)
(/usr/share/texlive/texmf-dist/tex/generic/pgf/math/pgfmathfunctions.comparison
.code.tex)
(/usr/share/texlive/texmf-dist/tex/generic/pgf/math/pgfmathfunctions.base.code.
tex)
(/usr/share/texlive/texmf-dist/tex/generic/pgf/math/pgfmathfunctions.round.code
.tex)
(/usr/share/texlive/texmf-dist/tex/generic/pgf/math/pgfmathfunctions.misc.code.
tex)
(/usr/share/texlive/texmf-dist/tex/generic/pgf/math/pgfmathfunctions.integerari
thmetics.code.tex)))
(/usr/share/texlive/texmf-dist/tex/generic/pgf/math/pgfmathfloat.code.tex
\c@pgfmathroundto@lastzeros=\count311
))
(/usr/share/texlive/texmf-dist/tex/generic/pgf/math/pgfint.code.tex)
(/usr/share/texlive/texmf-dist/tex/generic/pgf/basiclayer/pgfcorepoints.code.te
x
File: pgfcorepoints.code.tex 2020/01/08 v3.1.5b (3.1.5b)
\pgf@picminx=\dimen256
\pgf@picmaxx=\dimen257
\pgf@picminy=\dimen258
\pgf@picmaxy=\dimen259
\pgf@pathminx=\dimen260
\pgf@pathmaxx=\dimen261
\pgf@pathminy=\dimen262
\pgf@pathmaxy=\dimen263
\pgf@xx=\dimen264
\pgf@xy=\dimen265
\pgf@yx=\dimen266
\pgf@yy=\dimen267
\pgf@zx=\dimen268
\pgf@zy=\dimen269
)
(/usr/share/texlive/texmf-dist/tex/generic/pgf/basiclayer/pgfcorepathconstruct.
code.tex
File: pgfcorepathconstruct.code.tex 2020/01/08 v3.1.5b (3.1.5b)
\pgf@path@lastx=\dimen270
\pgf@path@lasty=\dimen271
)
(/usr/share/texlive/texmf-dist/tex/generic/pgf/basiclayer/pgfcorepathusage.code
.tex
File: pgfcorepathusage.code.tex 2020/01/08 v3.1.5b (3.1.5b)
\pgf@shorten@end@additional=\dimen272
\pgf@shorten@start@additional=\dimen273
)
(/usr/share/texlive/texmf-dist/tex/generic/pgf/basiclayer/pgfcorescopes.code.te
x
File: pgfcorescopes.code.tex 2020/01/08 v3.1.5b (3.1.5b)
\pgfpic=\box64
\pgf@hbox=\box65
\pgf@layerbox@main=\box66
\pgf@picture@serial@count=\count312
)
(/usr/share/texlive/texmf-dist/tex/generic/pgf/basiclayer/pgfcoregraphicstate.c
ode.tex
File: pgfcoregraphicstate.code.tex 2020/01/08 v3.1.5b (3.1.5b)
\pgflinewidth=\dimen274
)
(/usr/share/texlive/texmf-dist/tex/generic/pgf/basiclayer/pgfcoretransformation
s.code.tex
File: pgfcoretransformations.code.tex 2020/01/08 v3.1.5b (3.1.5b)
\pgf@pt@x=\dimen275
\pgf@pt@y=\dimen276
\pgf@pt@temp=\dimen277
)
(/usr/share/texlive/texmf-dist/tex/generic/pgf/basiclayer/pgfcorequick.code.tex
File: pgfcorequick.code.tex 2020/01/08 v3.1.5b (3.1.5b)
)
(/usr/share/texlive/texmf-dist/tex/generic/pgf/basiclayer/pgfcoreobjects.code.t
ex
File: pgfcoreobjects.code.tex 2020/01/08 v3.1.5b (3.1.5b)
)
(/usr/share/texlive/texmf-dist/tex/generic/pgf/basiclayer/pgfcorepathprocessing
.code.tex
File: pgfcorepathprocessing.code.tex 2020/01/08 v3.1.5b (3.1.5b)
)
(/usr/share/texlive/texmf-dist/tex/generic/pgf/basiclayer/pgfcorearrows.code.te
x
File: pgfcorearrows.code.tex 2020/01/08 v3.1.5b (3.1.5b)
\pgfarrowsep=\dimen278
)
(/usr/share/texlive/texmf-dist/tex/generic/pgf/basiclayer/pgfcoreshade.code.tex
File: pgfcoreshade.code.tex 2020/01/08 v3.1.5b (3.1.5b)
\pgf@max=\dimen279
\pgf@sys@shading@range@num=\count313
\pgf@shadingcount=\count314
)
(/usr/share/texlive/texmf-dist/tex/generic/pgf/basiclayer/pgfcoreimage.code.tex
File: pgfcoreimage.code.tex 2020/01/08 v3.1.5b (3.1.5b)

(/usr/share/texlive/texmf-dist/tex/generic/pgf/basiclayer/pgfcoreexternal.code.
tex
File: pgfcoreexternal.code.tex 2020/01/08 v3.1.5b (3.1.5b)
\pgfexternal@startupbox=\box67
))
(/usr/share/texlive/texmf-dist/tex/generic/pgf/basiclayer/pgfcorelayers.code.te
x
File: pgfcorelayers.code.tex 2020/01/08 v3.1.5b (3.1.5b)
)
(/usr/share/texlive/texmf-dist/tex/generic/pgf/basiclayer/pgfcoretransparency.c
ode.tex
File: pgfcoretransparency.code.tex 2020/01/08 v3.1.5b (3.1.5b)
)
(/usr/share/texlive/texmf-dist/tex/generic/pgf/basiclayer/pgfcorepatterns.code.
tex
File: pgfcorepatterns.code.tex 2020/01/08 v3.1.5b (3.1.5b)
)
(/usr/share/texlive/texmf-dist/tex/generic/pgf/basiclayer/pgfcorerdf.code.tex
File: pgfcorerdf.code.tex 2020/01/08 v3.1.5b (3.1.5b)
)))
(/usr/share/texlive/texmf-dist/tex/generic/pgf/modules/pgfmoduleshapes.code.tex
File: pgfmoduleshapes.code.tex 2020/01/08 v3.1.5b (3.1.5b)
\pgfnodeparttextbox=\box68
) (/usr/share/texlive/texmf-dist/tex/generic/pgf/modules/pgfmoduleplot.code.tex
File: pgfmoduleplot.code.tex 2020/01/08 v3.1.5b (3.1.5b)
)
(/usr/share/texlive/texmf-dist/tex/latex/pgf/compatibility/pgfcomp-version-0-65
.sty
Package: pgfcomp-version-0-65 2020/01/08 v3.1.5b (3.1.5b)
\pgf@nodesepstart=\dimen280
\pgf@nodesepend=\dimen281
)
(/usr/share/texlive/texmf-dist/tex/latex/pgf/compatibility/pgfcomp-version-1-18
.sty
Package: pgfcomp-version-1-18 2020/01/08 v3.1.5b (3.1.5b)
)) (/usr/share/texlive/texmf-dist/tex/latex/psnfss/pifont.sty
Package: pifont 2005/04/12 PSNFSS-v9.2a Pi font support (SPQR) 
LaTeX Font Info:    Trying to load font information for U+pzd on input line 63.


(/usr/share/texlive/texmf-dist/tex/latex/psnfss/upzd.fd
File: upzd.fd 2001/06/04 font definitions for U/pzd.
)
LaTeX Font Info:    Trying to load font information for U+psy on input line 64.


(/usr/share/texlive/texmf-dist/tex/latex/psnfss/upsy.fd
File: upsy.fd 2001/06/04 font definitions for U/psy.
))
(/home/en0cs/texmf/tex/latex/qtree/qtree.sty
Package: 2008/12/12 v.3.1bQtree: tree-drawing for linguistics
Package: qtree 2008/12/12 v.3.1bQtree: tree-drawing for linguistics
(/usr/share/texlive/texmf-dist/tex/latex/pict2e/pict2e.sty
Package: pict2e 2019/08/20 v0.3c Improved picture commands (HjG,RN,JT)

(/usr/share/texlive/texmf-dist/tex/latex/pict2e/pict2e.cfg
File: pict2e.cfg 2016/02/05 v0.1u pict2e configuration for teTeX/TeXLive
)
Package pict2e Info: Driver file: pdftex.def on input line 119.
Package pict2e Info: Driver file for pict2e: p2e-pdftex.def on input line 121.

(/usr/share/texlive/texmf-dist/tex/latex/pict2e/p2e-pdftex.def
File: p2e-pdftex.def 2016/02/05 v0.1u Driver-dependant file (RN,HjG,JT)
)
\pIIe@GRAPH=\toks48
\@arclen=\dimen282
\@arcrad=\dimen283
\@tempdimd=\dimen284
)
\c@treecount=\count315
\c@branchcount=\count316
\parentbox=\box69
\treebox=\box70
\treeboxone=\box71
\treeboxtwo=\box72
\treeboxthree=\box73
\treeboxfour=\box74
\treeboxfive=\box75
\treeboxsix=\box76
\treeboxseven=\box77
\treeboxeight=\box78
\treeboxnine=\box79
\treeboxten=\box80
\treeboxeleven=\box81
\treeboxtwelve=\box82
\treeboxthirteen=\box83
\treeboxfourteen=\box84
\treeboxfifteen=\box85
\treeboxsixteen=\box86
\treeboxseventeen=\box87
\treeboxeighteen=\box88
\treeboxnineteen=\box89
\treeboxtwenty=\box90
\treeoffsetone=\skip73
\treeoffsettwo=\skip74
\treeoffsetthree=\skip75
\treeoffsetfour=\skip76
\treeoffsetfive=\skip77
\treeoffsetsix=\skip78
\treeoffsetseven=\skip79
\treeoffseteight=\skip80
\treeoffsetnine=\skip81
\treeoffsetten=\skip82
\treeoffseteleven=\skip83
\treeoffsettwelve=\skip84
\treeoffsetthirteen=\skip85
\treeoffsetfourteen=\skip86
\treeoffsetfifteen=\skip87
\treeoffsetsixteen=\skip88
\treeoffsetseventeen=\skip89
\treeoffseteighteen=\skip90
\treeoffsetnineteen=\skip91
\treeoffsettwenty=\skip92
\treeshiftone=\skip93
\treeshifttwo=\skip94
\treeshiftthree=\skip95
\treeshiftfour=\skip96
\treeshiftfive=\skip97
\treeshiftsix=\skip98
\treeshiftseven=\skip99
\treeshifteight=\skip100
\treeshiftnine=\skip101
\treeshiftten=\skip102
\treeshifteleven=\skip103
\treeshifttwelve=\skip104
\treeshiftthirteen=\skip105
\treeshiftfourteen=\skip106
\treeshiftfifteen=\skip107
\treeshiftsixteen=\skip108
\treeshiftseventeen=\skip109
\treeshifteighteen=\skip110
\treeshiftnineteen=\skip111
\treeshifttwenty=\skip112
\treewidthone=\skip113
\treewidthtwo=\skip114
\treewidththree=\skip115
\treewidthfour=\skip116
\treewidthfive=\skip117
\treewidthsix=\skip118
\treewidthseven=\skip119
\treewidtheight=\skip120
\treewidthnine=\skip121
\treewidthten=\skip122
\treewidtheleven=\skip123
\treewidthtwelve=\skip124
\treewidththirteen=\skip125
\treewidthfourteen=\skip126
\treewidthfifteen=\skip127
\treewidthsixteen=\skip128
\treewidthseventeen=\skip129
\treewidtheighteen=\skip130
\treewidthnineteen=\skip131
\treewidthtwenty=\skip132
\daughteroffsetone=\skip133
\daughteroffsettwo=\skip134
\daughteroffsetthree=\skip135
\daughteroffsetfour=\skip136
\branchwidthone=\skip137
\branchwidthtwo=\skip138
\branchwidththree=\skip139
\branchwidthfour=\skip140
\parentoffset=\skip141
\treeoffset=\skip142
\daughteroffset=\skip143
\branchwidth=\skip144
\parentwidth=\skip145
\treewidth=\skip146
\qta=\toks49
\qtb=\toks50
\nbranches=\count317
\qroofx=\count318
\qroofy=\count319
\@qrscratchbox=\box91
)
(/usr/share/texlive/texmf-dist/tex/latex/rccol/rccol.sty
Package: rccol 2005/05/17 v1.2c right-centered columns

(/usr/share/texlive/texmf-dist/tex/generic/fltpoint/fltpoint.sty
Package: fltpoint 2004/11/12 v1.1b floating point arithmetic

(/usr/share/texlive/texmf-dist/tex/generic/fltpoint/fltpoint.tex
\fp@loopcount=\count320
\fp@loopcountii=\count321
\fp@result=\count322
\fp@carryover=\count323
\fp@tempcount=\count324
\fp@tempcountii=\count325
))
\rc@preskip=\dimen285
\rc@postskip=\dimen286
\rc@digits=\toks51
\rc@preothertoks=\toks52
\rc@postothertoks=\toks53
)
(/usr/share/texlive/texmf-dist/tex/latex/graphics/rotating.sty
Package: rotating 2016/08/11 v2.16d rotated objects in LaTeX
\c@r@tfl@t=\count326
\rotFPtop=\skip147
\rotFPbot=\skip148
\rot@float@box=\box92
\rot@mess@toks=\toks54
)
(/usr/share/texlive/texmf-dist/tex/latex/setspace/setspace.sty
Package: setspace 2011/12/19 v6.7a set line spacing
)
(/usr/share/texlive/texmf-dist/tex/latex/siunitx/siunitx.sty
(/usr/share/texlive/texmf-dist/tex/latex/l3kernel/expl3.sty
Package: expl3 2020-02-14 L3 programming layer (loader) 

(/usr/share/texlive/texmf-dist/tex/latex/l3backend/l3backend-pdfmode.def
File: l3backend-pdfmode.def 2020-02-03 L3 backend support: PDF mode
\l__kernel_color_stack_int=\count327
\l__pdf_internal_box=\box93
))
(/usr/share/texlive/texmf-dist/tex/latex/l3packages/xparse/xparse.sty
Package: xparse 2020-02-14 L3 Experimental document command parser
\l__xparse_current_arg_int=\count328
\g__xparse_grabber_int=\count329
\l__xparse_m_args_int=\count330
\l__xparse_v_nesting_int=\count331
)
Package: siunitx 2020/01/15 v2.7u A comprehensive (SI) units package

(/usr/share/texlive/texmf-dist/tex/latex/l3packages/l3keys2e/l3keys2e.sty
Package: l3keys2e 2020-02-14 LaTeX2e option processing using LaTeX3 keys
)
\l__siunitx_tmp_box=\box94
\l__siunitx_tmp_dim=\dimen287
\l__siunitx_tmp_int=\count332
\l__siunitx_number_mantissa_length_int=\count333
\l__siunitx_number_uncert_length_int=\count334
\l__siunitx_round_int=\count335
\l__siunitx_process_decimal_int=\count336
\l__siunitx_process_uncertainty_int=\count337
\l__siunitx_process_fixed_int=\count338
\l__siunitx_process_integer_min_int=\count339
\l__siunitx_process_precision_int=\count340
\l__siunitx_group_min_int=\count341
\l__siunitx_angle_marker_box=\box95
\l__siunitx_angle_unit_box=\box96
\l__siunitx_angle_marker_dim=\dimen288
\l__siunitx_angle_unit_dim=\dimen289
\l__siunitx_unit_int=\count342
\l__siunitx_unit_denominator_int=\count343
\l__siunitx_unit_numerator_int=\count344
\l__siunitx_unit_prefix_int=\count345
\l__siunitx_unit_prefix_base_int=\count346
\l__siunitx_unit_prefix_gram_int=\count347
\l__siunitx_number_product_int=\count348
\c__siunitx_one_fill_skip=\skip149
\l__siunitx_table_unit_align_skip=\skip150
\l__siunitx_table_exponent_dim=\dimen290
\l__siunitx_table_integer_dim=\dimen291
\l__siunitx_table_mantissa_dim=\dimen292
\l__siunitx_table_marker_dim=\dimen293
\l__siunitx_table_result_dim=\dimen294
\l__siunitx_table_uncert_dim=\dimen295
\l__siunitx_table_fill_pre_dim=\dimen296
\l__siunitx_table_fill_post_dim=\dimen297
\l__siunitx_table_fill_mid_dim=\dimen298
\l__siunitx_table_pre_box=\box97
\l__siunitx_table_post_box=\box98
\l__siunitx_table_mantissa_box=\box99
\l__siunitx_table_result_box=\box100
\l__siunitx_table_number_align_skip=\skip151
\l__siunitx_table_text_align_skip=\skip152

(/usr/share/texlive/texmf-dist/tex/latex/translator/translator.sty
Package: translator 2019-05-31 v1.12a Easy translation of strings in LaTeX
))
(./style/bib.sty
Package: style/bib 
 (/usr/share/texlive/texmf-dist/tex/latex/natbib/natbib.sty
Package: natbib 2010/09/13 8.31b (PWD, AO)
\bibhang=\skip153
\bibsep=\skip154
LaTeX Info: Redefining \cite on input line 694.
\c@NAT@ctr=\count349
))
(/usr/share/texlive/texmf-dist/tex/latex/subfig/subfig.sty
Package: subfig 2005/06/28 ver: 1.3 subfig package

(/usr/share/texlive/texmf-dist/tex/latex/caption/caption.sty
Package: caption 2020/01/03 v3.4h Customizing captions (AR)

(/usr/share/texlive/texmf-dist/tex/latex/caption/caption3.sty
Package: caption3 2020/01/03 v1.8h caption3 kernel (AR)
Package caption3 Info: TeX engine: e-TeX on input line 61.
\captionmargin=\dimen299
\captionmargin@=\dimen300
\captionwidth=\dimen301
\caption@tempdima=\dimen302
\caption@indent=\dimen303
\caption@parindent=\dimen304
\caption@hangindent=\dimen305
Package caption Info: AMS or SMF document class detected.
)
Package caption Info: AMS or SMF document class.
\c@caption@flags=\count350
\c@continuedfloat=\count351
Package caption Info: float package is loaded.
Package caption Info: hyperref package is loaded.
Package caption Info: hypcap package is loaded.
Package caption Info: listings package is loaded.
Package caption Info: longtable package is loaded.

(/usr/share/texlive/texmf-dist/tex/latex/caption/ltcaption.sty
Package: ltcaption 2018/08/26 v1.4a longtable captions (AR)
)
Package caption Info: rotating package is loaded.
)
\c@KVtest=\count352
\sf@farskip=\skip155
\sf@captopadj=\dimen306
\sf@capskip=\skip156
\sf@nearskip=\skip157
\c@subfigure=\count353
\c@subfigure@save=\count354
\c@lofdepth=\count355
\c@subtable=\count356
\c@subtable@save=\count357
\c@lotdepth=\count358
\sf@top=\skip158
\sf@bottom=\skip159
)
(/usr/share/texlive/texmf-dist/tex/latex/tools/tabularx.sty
Package: tabularx 2020/01/15 v2.11c `tabularx' package (DPC)
\TX@col@width=\dimen307
\TX@old@table=\dimen308
\TX@old@col=\dimen309
\TX@target=\dimen310
\TX@delta=\dimen311
\TX@cols=\count359
\TX@ftn=\toks55
)
(/usr/share/texlive/texmf-dist/tex/latex/pgf/frontendlayer/tikz.sty
(/usr/share/texlive/texmf-dist/tex/latex/pgf/utilities/pgffor.sty
(/usr/share/texlive/texmf-dist/tex/latex/pgf/utilities/pgfkeys.sty
(/usr/share/texlive/texmf-dist/tex/generic/pgf/utilities/pgfkeys.code.tex))
(/usr/share/texlive/texmf-dist/tex/latex/pgf/math/pgfmath.sty
(/usr/share/texlive/texmf-dist/tex/generic/pgf/math/pgfmath.code.tex))
(/usr/share/texlive/texmf-dist/tex/generic/pgf/utilities/pgffor.code.tex
Package: pgffor 2020/01/08 v3.1.5b (3.1.5b)

(/usr/share/texlive/texmf-dist/tex/generic/pgf/math/pgfmath.code.tex)
\pgffor@iter=\dimen312
\pgffor@skip=\dimen313
\pgffor@stack=\toks56
\pgffor@toks=\toks57
))
(/usr/share/texlive/texmf-dist/tex/generic/pgf/frontendlayer/tikz/tikz.code.tex
Package: tikz 2020/01/08 v3.1.5b (3.1.5b)

(/usr/share/texlive/texmf-dist/tex/generic/pgf/libraries/pgflibraryplothandlers
.code.tex
File: pgflibraryplothandlers.code.tex 2020/01/08 v3.1.5b (3.1.5b)
\pgf@plot@mark@count=\count360
\pgfplotmarksize=\dimen314
)
\tikz@lastx=\dimen315
\tikz@lasty=\dimen316
\tikz@lastxsaved=\dimen317
\tikz@lastysaved=\dimen318
\tikz@lastmovetox=\dimen319
\tikz@lastmovetoy=\dimen320
\tikzleveldistance=\dimen321
\tikzsiblingdistance=\dimen322
\tikz@figbox=\box101
\tikz@figbox@bg=\box102
\tikz@tempbox=\box103
\tikz@tempbox@bg=\box104
\tikztreelevel=\count361
\tikznumberofchildren=\count362
\tikznumberofcurrentchild=\count363
\tikz@fig@count=\count364

(/usr/share/texlive/texmf-dist/tex/generic/pgf/modules/pgfmodulematrix.code.tex
File: pgfmodulematrix.code.tex 2020/01/08 v3.1.5b (3.1.5b)
\pgfmatrixcurrentrow=\count365
\pgfmatrixcurrentcolumn=\count366
\pgf@matrix@numberofcolumns=\count367
)
\tikz@expandcount=\count368

(/usr/share/texlive/texmf-dist/tex/generic/pgf/frontendlayer/tikz/libraries/tik
zlibrarytopaths.code.tex
File: tikzlibrarytopaths.code.tex 2020/01/08 v3.1.5b (3.1.5b)
)))
(/usr/share/texlive/texmf-dist/tex/generic/pgf/frontendlayer/tikz/libraries/tik
zlibrarychains.code.tex
File: tikzlibrarychains.code.tex 2020/01/08 v3.1.5b (3.1.5b)

(/usr/share/texlive/texmf-dist/tex/generic/pgf/frontendlayer/tikz/libraries/tik
zlibrarypositioning.code.tex
File: tikzlibrarypositioning.code.tex 2020/01/08 v3.1.5b (3.1.5b)
))
(/usr/share/texlive/texmf-dist/tex/generic/pgf/frontendlayer/tikz/libraries/tik
zlibraryarrows.code.tex
File: tikzlibraryarrows.code.tex 2020/01/08 v3.1.5b (3.1.5b)

(/usr/share/texlive/texmf-dist/tex/generic/pgf/libraries/pgflibraryarrows.code.
tex
File: pgflibraryarrows.code.tex 2020/01/08 v3.1.5b (3.1.5b)
\arrowsize=\dimen323
)) (/usr/share/texmf/tex/latex/tipa/tipa.sty
Package: tipa 2002/08/08 TIPA version 1.1

(/usr/share/texlive/texmf-dist/tex/latex/base/fontenc.sty
Package: fontenc 2020/02/11 v2.0o Standard LaTeX package

(/usr/share/texmf/tex/latex/tipa/t3enc.def
File: t3enc.def 2001/12/31 T3 encoding
Now handling font encoding T3 ...
... no UTF-8 mapping file for font encoding T3
LaTeX Font Info:    Font shape `T1/ptm/bx/n' in size <10.95> not available
(Font)              Font shape `T1/ptm/b/n' tried instead on input line 356.
LaTeX Font Info:    Trying to load font information for T1+phv on input line 35
7.

(/usr/share/texlive/texmf-dist/tex/latex/psnfss/t1phv.fd
File: t1phv.fd 2001/06/04 scalable font definitions for T1/phv.
))))
(/usr/share/texlive/texmf-dist/tex/latex/wrapfig/wrapfig.sty
\wrapoverhang=\dimen324
\WF@size=\dimen325
\c@WF@wrappedlines=\count369
\WF@box=\box105
\WF@everypar=\toks58
Package: wrapfig 2003/01/31  v 3.6
)
(/usr/share/texlive/texmf-dist/tex/latex/tools/xspace.sty
Package: xspace 2014/10/28 v1.13 Space after command names (DPC,MH)
) (./morenames.tex)
Package csquotes Info: Checking for multilingual support...
Package csquotes Info: ... none found.

(./thesis.aux)
\openout1 = `thesis.aux'.

LaTeX Font Info:    Checking defaults for OML/cmm/m/it on input line 85.
LaTeX Font Info:    ... okay on input line 85.
LaTeX Font Info:    Checking defaults for OMS/cmsy/m/n on input line 85.
LaTeX Font Info:    ... okay on input line 85.
LaTeX Font Info:    Checking defaults for OT1/cmr/m/n on input line 85.
LaTeX Font Info:    ... okay on input line 85.
LaTeX Font Info:    Checking defaults for T1/cmr/m/n on input line 85.
LaTeX Font Info:    ... okay on input line 85.
LaTeX Font Info:    Checking defaults for TS1/cmr/m/n on input line 85.
LaTeX Font Info:    ... okay on input line 85.
LaTeX Font Info:    Checking defaults for OMX/cmex/m/n on input line 85.
LaTeX Font Info:    ... okay on input line 85.
LaTeX Font Info:    Checking defaults for U/cmr/m/n on input line 85.
LaTeX Font Info:    ... okay on input line 85.
LaTeX Font Info:    Checking defaults for PD1/pdf/m/n on input line 85.
LaTeX Font Info:    ... okay on input line 85.
LaTeX Font Info:    Checking defaults for T3/cmr/m/n on input line 85.
LaTeX Font Info:    Trying to load font information for T3+cmr on input line 85
.
 (/usr/share/texmf/tex/latex/tipa/t3cmr.fd
File: t3cmr.fd 2001/12/31 TIPA font definitions
)
LaTeX Font Info:    ... okay on input line 85.
LaTeX Font Info:    Trying to load font information for U+msa on input line 85.


(/usr/share/texlive/texmf-dist/tex/latex/amsfonts/umsa.fd
File: umsa.fd 2013/01/14 v3.01 AMS symbols A
)
LaTeX Font Info:    Trying to load font information for U+msb on input line 85.


(/usr/share/texlive/texmf-dist/tex/latex/amsfonts/umsb.fd
File: umsb.fd 2013/01/14 v3.01 AMS symbols B
)
(/usr/share/texlive/texmf-dist/tex/context/base/mkii/supp-pdf.mkii
[Loading MPS to PDF converter (version 2006.09.02).]
\scratchcounter=\count370
\scratchdimen=\dimen326
\scratchbox=\box106
\nofMPsegments=\count371
\nofMParguments=\count372
\everyMPshowfont=\toks59
\MPscratchCnt=\count373
\MPscratchDim=\dimen327
\MPnumerator=\count374
\makeMPintoPDFobject=\count375
\everyMPtoPDFconversion=\toks60
) (/usr/share/texlive/texmf-dist/tex/latex/epstopdf-pkg/epstopdf-base.sty
Package: epstopdf-base 2020-01-24 v2.11 Base part for package epstopdf
Package epstopdf-base Info: Redefining graphics rule for `.eps' on input line 4
85.

(/usr/share/texlive/texmf-dist/tex/latex/latexconfig/epstopdf-sys.cfg
File: epstopdf-sys.cfg 2010/07/13 v1.3 Configuration of (r)epstopdf for TeX Liv
e
))
\AtBeginShipoutBox=\box107
Package hyperref Info: Link coloring OFF on input line 85.

(/usr/share/texlive/texmf-dist/tex/latex/hyperref/nameref.sty
Package: nameref 2019/09/16 v2.46 Cross-referencing by name of section

(/usr/share/texlive/texmf-dist/tex/latex/refcount/refcount.sty
Package: refcount 2019/12/15 v3.6 Data extraction from label references (HO)
)
(/usr/share/texlive/texmf-dist/tex/generic/gettitlestring/gettitlestring.sty
Package: gettitlestring 2019/12/15 v1.6 Cleanup title references (HO)
)
\c@section@level=\count376
LaTeX Info: Redefining \Ref on input line 520.
)
LaTeX Info: Redefining \ref on input line 85.
LaTeX Info: Redefining \pageref on input line 85.
LaTeX Info: Redefining \nameref on input line 85.

(./thesis.out) (./thesis.out)
\@outlinefile=\write4
\openout4 = `thesis.out'.

LaTeX Info: Redefining \Ref on input line 85.
\c@lstlisting=\count377
 ABD: EveryShipout initializing macros
(/usr/share/texlive/texmf-dist/tex/latex/translator/translator-basic-dictionary
-English.dict
Dictionary: translator-basic-dictionary, Language: English 
)
(/usr/share/texlive/texmf-dist/tex/latex/siunitx/siunitx-abbreviations.cfg
File: siunitx-abbreviations.cfg 2017/11/26 v2.7k siunitx: Abbreviated units
)
Package caption Info: Begin \AtBeginDocument code.
Package caption Info: subfig package v1.3 is loaded.
Package caption Info: wrapfig package is loaded.
Package caption Info: End \AtBeginDocument code.
<style/usyd-primary-colour.pdf, id=161, 293.095pt x 101.37875pt>
File: style/usyd-primary-colour.pdf Graphic file (type pdf)
<use style/usyd-primary-colour.pdf>
Package pdftex.def Info: style/usyd-primary-colour.pdf  used on input line 90.
(pdftex.def)             Requested size: 290.21811pt x 100.38382pt.

[1


{/var/lib/texmf/fonts/map/pdftex/updmap/pdftex.map} <./style/usyd-primary-colou
r.pdf>] (./plagiarism/plagiarism.tex
Student Plagiarism: Compliance Statement
<sign.pdf, id=171, 97.5645pt x 92.5056pt>
File: sign.pdf Graphic file (type pdf)
<use sign.pdf>
Package pdftex.def Info: sign.pdf  used on input line 21.
(pdftex.def)             Requested size: 97.56424pt x 92.50537pt.
)
Overfull \hbox (42.06183pt too wide) in paragraph at lines 16--97
[][]
 []


Underfull \hbox (badness 10000) in paragraph at lines 16--97

 []

[2




 <./sign.pdf>] (./abstract/abstract.tex
Abstract
) [3




] (./thanks/thanks.tex
Acknowledgements
) [4




]
\normalfont \scshape {Contents}
(./thesis.toc [5




])
\tf@toc=\write5
\openout5 = `thesis.toc'.

 [6]
List of Figures
(./thesis.lof [7


] [8])
\tf@lof=\write6
\openout6 = `thesis.lof'.

 [9]
List of Tables
(./thesis.lot [10


])
\tf@lot=\write7
\openout7 = `thesis.lot'.

 [11] (./introduction/introduction.tex
Chapter 1
(./plots/minion.tex
<plots/minion.png, id=415, 1003.75pt x 437.635pt>
File: plots/minion.png Graphic file (type png)
<use plots/minion.png>
Package pdftex.def Info: plots/minion.png  used on input line 4.
(pdftex.def)             Requested size: 217.42259pt x 94.79085pt.
) (./plots/dna-nano.tex
<plots/dna-nano.png, id=416, 4642.34375pt x 4893.28125pt>
File: plots/dna-nano.png Graphic file (type png)
<use plots/dna-nano.png>
Package pdftex.def Info: plots/dna-nano.png  used on input line 4.
(pdftex.def)             Requested size: 217.42259pt x 229.148pt.
) [1




 <./plots/minion.png>]
Underfull \vbox (badness 10000) has occurred while \output is active []

 [2 <./plots/dna-nano.png>]) (./litreview/litreview.tex [3]
Chapter 2
(./litreview/intro.tex) (./litreview/nano.tex [4


] (./plots/nano.tex
<plots/nano.png, id=454, 1953.2975pt x 1237.62375pt>
File: plots/nano.png Graphic file (type png)
<use plots/nano.png>
Package pdftex.def Info: plots/nano.png  used on input line 3.
(pdftex.def)             Requested size: 390.65259pt x 247.52037pt.
))
(./litreview/data-intro.tex [5 <./plots/nano.png (PNG copy)>]
(./plots/shannon-comm.tex
<plots/shannon-comm-system.png, id=466, 1372.12625pt x 598.235pt>
File: plots/shannon-comm-system.png Graphic file (type png)
<use plots/shannon-comm-system.png>
Package pdftex.def Info: plots/shannon-comm-system.png  used on input line 3.
(pdftex.def)             Requested size: 343.03073pt x 149.55838pt.
) [6 <./plots/shannon-comm-system.png (PNG copy)>]

LaTeX Warning: Command \; invalid in math mode on input line 37.

LaTeX Font Info:    Trying to load font information for T3+ptm on input line 37
.
(/usr/share/texmf/tex/latex/tipa/t3ptm.fd
File: t3ptm.fd 2001/12/31 TIPA font definitions
)

LaTeX Warning: Command \; invalid in math mode on input line 37.

) (./litreview/data-entropy.tex
Underfull \vbox (badness 10000) has occurred while \output is active []

 [7]
Underfull \vbox (badness 10000) has occurred while \output is active []

 [8])
(./litreview/data-dict.tex
LaTeX Font Info:    Trying to load font information for T1+pcr on input line 26
.

(/usr/share/texlive/texmf-dist/tex/latex/psnfss/t1pcr.fd
File: t1pcr.fd 2001/06/04 font definitions for T1/pcr.
) [9])
(./litreview/data-other.tex
Underfull \vbox (badness 10000) has occurred while \output is active []

 [10]
(./plots/bitpack.tex) [11] (./plots/svb-table-comb.tex) (./plots/svb.tex)
[12] (./plots/svb-16.tex)) (./litreview/data-signal.tex [13])
(./litreview/data-nano.tex) (./litreview/timeline.tex
Overfull \hbox (16.87567pt too wide) in paragraph at lines 7--28
 [][] 
 []

) (./litreview/soa.tex
Underfull \vbox (badness 1163) has occurred while \output is active []

 [14]
[15]
LaTeX Font Info:    Trying to load font information for U+bbm on input line 34.

 (/usr/share/texlive/texmf-dist/tex/latex/bbm-macros/ubbm.fd
File: ubbm.fd 1999/03/15 V 1.2 Font definition for bbm font - TH
)
(./plots/zigzag-fig.tex (./plots/zigzag.tex))
Underfull \vbox (badness 1831) has occurred while \output is active []

 [16]))
(./data/data.tex [17]
Chapter 3
(./plots/reads.e9f08690-171f-476f-9119-5330d0290126.raw.pa.small.tex
<plots/reads.e9f08690-171f-476f-9119-5330d0290126.raw.pa.pdf, id=702, 1445.4pt 
x 504.88625pt>
File: plots/reads.e9f08690-171f-476f-9119-5330d0290126.raw.pa.pdf Graphic file 
(type pdf)
<use plots/reads.e9f08690-171f-476f-9119-5330d0290126.raw.pa.pdf>
Package pdftex.def Info: plots/reads.e9f08690-171f-476f-9119-5330d0290126.raw.p
a.pdf  used on input line 3.
(pdftex.def)             Requested size: 448.06937pt x 156.5131pt.
)
Underfull \vbox (badness 10000) has occurred while \output is active []

 [18


 <./plots/reads.e9f08690-171f-476f-9119-5330d0290126.raw.pa.pdf>]
(./plots/data-meta.tex
LaTeX Font Info:    Trying to load font information for TS1+ptm on input line 6
.

(/usr/share/texlive/texmf-dist/tex/latex/psnfss/ts1ptm.fd
File: ts1ptm.fd 2001/06/04 font definitions for TS1/ptm.
))
(./plots/data-read-meta.tex) [19]
Underfull \vbox (badness 10000) has occurred while \output is active []

 [20]
(./plots/data-orig-tab.tex) (./plots/data-tab.tex) (./plots/rawsig-tab.tex)
(./plots/freq.tex (./plots/PAF25452_pass_bfdfd1d8.raw.freq.hist.tex))
(./plots/n-tab.tex [21]) (./plots/nhist.tex
(./plots/reads.blow5.withpa.tsv.nhist.tex)) [22]
Underfull \vbox (badness 10000) has occurred while \output is active []

 [23]
(./plots/start-sections.tex
(./plots/reads.e9f08690-171f-476f-9119-5330d0290126.raw.section.tex))
(./plots/dna-section.tex
(./plots/reads.e9f08690-171f-476f-9119-5330d0290126.raw.dna.tex)) [24]
(./plots/homo-section.tex
(./plots/reads.e9f08690-171f-476f-9119-5330d0290126.raw.homo.tex))
(./plots/slow-section.tex
(./plots/reads.99671b17-feb4-492b-b119-77daf8e5794e.raw.slow.tex))
(./plots/mess-section.tex
(./plots/reads.e9f08690-171f-476f-9119-5330d0290126.raw.mess.tex))
(./plots/reads.515e4fd0-8ab1-4845-8866-6772e779712b.raw.wrap.tex
(./plots/reads.515e4fd0-8ab1-4845-8866-6772e779712b.raw.tex))
(./plots/trans-tab.tex
Underfull \vbox (badness 10000) has occurred while \output is active []

 [25])
(./plots/reads.e9f08690-171f-476f-9119-5330d0290126.raw.delta.small.tex
<plots/reads.e9f08690-171f-476f-9119-5330d0290126.raw.delta.pdf, id=773, 1445.4
pt x 504.88625pt>
File: plots/reads.e9f08690-171f-476f-9119-5330d0290126.raw.delta.pdf Graphic fi
le (type pdf)
<use plots/reads.e9f08690-171f-476f-9119-5330d0290126.raw.delta.pdf>
Package pdftex.def Info: plots/reads.e9f08690-171f-476f-9119-5330d0290126.raw.d
elta.pdf  used on input line 3.
(pdftex.def)             Requested size: 448.06937pt x 156.5131pt.

Underfull \hbox (badness 10000) in paragraph at lines 4--4
[]\T1/ptm/m/sc/10.95 Figure 3.10.|[]\T1/ptm/m/n/10.95 The deltas of the read wi
th ID e9f08690-171f-476f-9119-
 []

)
Underfull \vbox (badness 1701) has occurred while \output is active []

 [26]
[27] (./plots/diff-hist.tex (./plots/reads.blow5.diff.freq.hist.tex))
(./plots/reads.e9f08690-171f-476f-9119-5330d0290126.raw.delta.zigzag.small.tex
<plots/reads.e9f08690-171f-476f-9119-5330d0290126.raw.delta.zigzag.pdf, id=789,
 1445.4pt x 504.88625pt>
File: plots/reads.e9f08690-171f-476f-9119-5330d0290126.raw.delta.zigzag.pdf Gra
phic file (type pdf)
<use plots/reads.e9f08690-171f-476f-9119-5330d0290126.raw.delta.zigzag.pdf>
Package pdftex.def Info: plots/reads.e9f08690-171f-476f-9119-5330d0290126.raw.d
elta.zigzag.pdf  used on input line 3.
(pdftex.def)             Requested size: 448.06937pt x 156.5131pt.
)
Underfull \vbox (badness 3291) has occurred while \output is active []

 [28]
(./plots/zd-hist.tex (./plots/reads.blow5.diff.zigzag.freq.hist.tex)) [29]
[30 <./plots/reads.e9f08690-171f-476f-9119-5330d0290126.raw.delta.pdf>]
[31 <./plots/reads.e9f08690-171f-476f-9119-5330d0290126.raw.delta.zigzag.pdf>]
(./plots/entropy-tab.tex)) (./probspace/probspace.tex [32]
Chapter 4
(./probspace/focus.tex
Underfull \vbox (badness 10000) has occurred while \output is active []

 [33


]
Underfull \vbox (badness 1412) has occurred while \output is active []

 [34]

LaTeX Warning: Command \; invalid in math mode on input line 113.


LaTeX Warning: Command \; invalid in math mode on input line 113.


LaTeX Warning: Command \; invalid in math mode on input line 113.


LaTeX Warning: Command \; invalid in math mode on input line 113.


LaTeX Warning: Command \; invalid in math mode on input line 113.


LaTeX Warning: Command \; invalid in math mode on input line 113.


LaTeX Warning: Command \; invalid in math mode on input line 113.


LaTeX Warning: Command \; invalid in math mode on input line 113.


Underfull \vbox (badness 10000) has occurred while \output is active []

 [35]))
(./methods/methods.tex [36]
Chapter 5
(./methods/intro.tex)
Overfull \hbox (8.60292pt too wide) in paragraph at lines 13--4
[]\T1/ptm/m/n/10.95 All the meth-ods pre-sented are im-ple-mented in the GitHub
 repos-i-tory avail-able here: []$\T1/pcr/m/n/10.95 https : / / github .
 []

(./probspace/vbbe21.tex (./plots/vbe21.tex) [37


] (./plots/vbe21-eg.tex)
Underfull \vbox (badness 1874) has occurred while \output is active []

 [38]
(./probspace/ex.tex
Underfull \vbox (badness 10000) has occurred while \output is active []

 [39]
(./plots/ex-tab.tex
Underfull \hbox (badness 10000) in paragraph at lines 5--5
\T1/ptm/m/n/10.95 Ex-cep-tions
 []

) (./plots/nex-hist.tex (./plots/reads.blow5.nex.freq.hist.tex)) [40]
(./plots/ex-hist.tex (./plots/reads.blow5.ex.zigzag.freq.hist.tex)) [41]
(./plots/vbbe21-compact.tex
Overfull \hbox (22.82552pt too wide) in paragraph at lines 12--19
 [][] 
 []

[42]) (./plots/vbbe21.tex
Overfull \hbox (7.10612pt too wide) in paragraph at lines 12--19
 [][] 
 []

) [43] (./plots/ex-sec-exp.tex)) (./probspace/huff.tex (./plots/huff-tab.tex
Underfull \vbox (badness 10000) has occurred while \output is active []

 [44])
[45] (./plots/shuff-len.tex (./plots/huffman_bitlength.len.tex)))
(./probspace/range.tex
Underfull \vbox (badness 10000) has occurred while \output is active []

 [46]
Underfull \vbox (badness 3088) has occurred while \output is active []

 [47]))
(./probspace/exploit-signal.tex
Underfull \vbox (badness 10000) has occurred while \output is active []

 [48]
(./probspace/subseq.tex
Underfull \vbox (badness 10000) has occurred while \output is active []

 [49]
(./plots/alg-rec.tex
Package hyperref Info: bookmark level for unknown algorithm defaults to 0 on in
put line 2.
)
Underfull \vbox (badness 10000) has occurred while \output is active []

 [50]
[51] (./plots/alg-dyn.tex) [52] (./plots/alg-dyn-approx.tex)
Underfull \vbox (badness 10000) has occurred while \output is active []

 [53])
(./probspace/stall.tex (./plots/stall.tex
(./plots/reads.e9f08690-171f-476f-9119-5330d0290126.raw.stall.tex)
Underfull \vbox (badness 5403) has occurred while \output is active []

 [54])
(./plots/stall-n-tab.tex)
Underfull \vbox (badness 7522) has occurred while \output is active []

 [55]
(./plots/stall-enc.tex) (./plots/dstall-enc.tex
(/usr/share/texlive/texmf-dist/tex/generic/pgf/frontendlayer/tikz/libraries/tik
zlibrarydecorations.pathreplacing.code.tex
(/usr/share/texlive/texmf-dist/tex/generic/pgf/frontendlayer/tikz/libraries/tik
zlibrarydecorations.code.tex
(/usr/share/texlive/texmf-dist/tex/generic/pgf/modules/pgfmoduledecorations.cod
e.tex
\pgfdecoratedcompleteddistance=\dimen328
\pgfdecoratedremainingdistance=\dimen329
\pgfdecoratedinputsegmentcompleteddistance=\dimen330
\pgfdecoratedinputsegmentremainingdistance=\dimen331
\pgf@decorate@distancetomove=\dimen332
\pgf@decorate@repeatstate=\count378
\pgfdecorationsegmentamplitude=\dimen333
\pgfdecorationsegmentlength=\dimen334
)
\tikz@lib@dec@box=\box108
)
(/usr/share/texlive/texmf-dist/tex/generic/pgf/libraries/decorations/pgflibrary
decorations.pathreplacing.code.tex))
(/usr/share/texlive/texmf-dist/tex/generic/pgf/frontendlayer/tikz/libraries/tik
zlibrarycalc.code.tex
File: tikzlibrarycalc.code.tex 2020/01/08 v3.1.5b (3.1.5b)
))
Underfull \vbox (badness 2134) has occurred while \output is active []

 [56]
(./plots/stall-best.tex
<plots/reads.blow5.test.svbbe21.read.update.best.pdf, id=1038, 505.89pt x 361.3
5pt>
File: plots/reads.blow5.test.svbbe21.read.update.best.pdf Graphic file (type pd
f)
<use plots/reads.blow5.test.svbbe21.read.update.best.pdf>
Package pdftex.def Info: plots/reads.blow5.test.svbbe21.read.update.best.pdf  u
sed on input line 4.
(pdftex.def)             Requested size: 354.12057pt x 252.94327pt.

Underfull \vbox (badness 1147) has occurred while \output is active []

 [57]))
(./probspace/dna.tex (./plots/dna300-section.tex
(./plots/reads.e9f08690-171f-476f-9119-5330d0290126.raw.dna300.tex))
(./probspace/jumps.tex
Underfull \vbox (badness 10000) has occurred while \output is active []

 [58 <./plots/reads.blow5.test.svbbe21.read.update.best.pdf>] [59] (./plots/eps
ilon.tex
(./plots/reads.e9f08690-171f-476f-9119-5330d0290126.raw.jumps.epsilon.tex
<plots/reads.e9f08690-171f-476f-9119-5330d0290126.raw.jumps.epsilon_ras1.png, i
d=1065, interpolate=true, 1.00375pt x 301.125pt>
File: plots/reads.e9f08690-171f-476f-9119-5330d0290126.raw.jumps.epsilon_ras1.p
ng Graphic file (type png)
<use plots/reads.e9f08690-171f-476f-9119-5330d0290126.raw.jumps.epsilon_ras1.pn
g>
Package pdftex.def Info: plots/reads.e9f08690-171f-476f-9119-5330d0290126.raw.j
umps.epsilon_ras1.png  used on input line 1886.
(pdftex.def)             Requested size: 14.46162pt x 72.27147pt.
))
(./plots/epsilon-25.tex
(./plots/reads.e9f08690-171f-476f-9119-5330d0290126.raw.jumps.25.tex))
(./plots/jumps-enc.tex) [60] (./plots/jumps-enc-alt1.tex)
Underfull \vbox (badness 2512) has occurred while \output is active []

 [61 <./plots/reads.e9f08690-171f-476f-9119-5330d0290126.raw.jumps.epsilon_ras1
.png>]
[62])))) (./results/results.tex [63] [64]
Chapter 6
(./plots/server.tex) [65


]
Underfull \vbox (badness 10000) has occurred while \output is active []

 [66]
(./plots/results-space-tab.tex) (./plots/results-timecom-tab.tex
Overfull \hbox (12.37617pt too wide) in paragraph at lines 12--73
 [][] 
 []

) (./plots/results-timedec-tab.tex
Overfull \hbox (12.37617pt too wide) in paragraph at lines 12--73
 [][] 
 []

) (./plots/results-layer-tab.tex) (./plots/results-ratio-bar.tex
<plots/reads.blow5.test.ratio.bar.pdf, id=1129, 361.35pt x 289.08pt>
File: plots/reads.blow5.test.ratio.bar.pdf Graphic file (type pdf)
<use plots/reads.blow5.test.ratio.bar.pdf>
Package pdftex.def Info: plots/reads.blow5.test.ratio.bar.pdf  used on input li
ne 4.
(pdftex.def)             Requested size: 325.21199pt x 260.16959pt.
)
(./plots/results-ss-bar.tex
<plots/reads.blow5.test.ss.bar.pdf, id=1130, 361.35pt x 289.08pt>
File: plots/reads.blow5.test.ss.bar.pdf Graphic file (type pdf)
<use plots/reads.blow5.test.ss.bar.pdf>
Package pdftex.def Info: plots/reads.blow5.test.ss.bar.pdf  used on input line 
4.
(pdftex.def)             Requested size: 325.21199pt x 260.16959pt.
) (./plots/results-bps-bar.tex
<plots/reads.blow5.test.bps.bar.pdf, id=1131, 361.35pt x 361.35pt>
File: plots/reads.blow5.test.bps.bar.pdf Graphic file (type pdf)
<use plots/reads.blow5.test.bps.bar.pdf>
Package pdftex.def Info: plots/reads.blow5.test.bps.bar.pdf  used on input line
 4.
(pdftex.def)             Requested size: 325.21199pt x 325.21199pt.
)
(./plots/results-ss-t.tex
<plots/reads.blow5.test.ss-ct.pdf, id=1132, 289.08pt x 289.08pt>
File: plots/reads.blow5.test.ss-ct.pdf Graphic file (type pdf)
<use plots/reads.blow5.test.ss-ct.pdf>
Package pdftex.def Info: plots/reads.blow5.test.ss-ct.pdf  used on input line 6
.
(pdftex.def)             Requested size: 202.35461pt x 202.35461pt.
<plots/reads.blow5.test.ss-ct06.pdf, id=1133, 289.08pt x 289.08pt>
File: plots/reads.blow5.test.ss-ct06.pdf Graphic file (type pdf)
<use plots/reads.blow5.test.ss-ct06.pdf>
Package pdftex.def Info: plots/reads.blow5.test.ss-ct06.pdf  used on input line
 9.
(pdftex.def)             Requested size: 202.35461pt x 202.35461pt.
<plots/reads.blow5.test.ss-dt.pdf, id=1134, 289.08pt x 289.08pt>
File: plots/reads.blow5.test.ss-dt.pdf Graphic file (type pdf)
<use plots/reads.blow5.test.ss-dt.pdf>
Package pdftex.def Info: plots/reads.blow5.test.ss-dt.pdf  used on input line 1
3.
(pdftex.def)             Requested size: 202.35461pt x 202.35461pt.
<plots/reads.blow5.test.ss-dt06.pdf, id=1135, 289.08pt x 289.08pt>
File: plots/reads.blow5.test.ss-dt06.pdf Graphic file (type pdf)
<use plots/reads.blow5.test.ss-dt06.pdf>
Package pdftex.def Info: plots/reads.blow5.test.ss-dt06.pdf  used on input line
 16.
(pdftex.def)             Requested size: 202.35461pt x 202.35461pt.
) (./plots/results-ct-dt.tex
<plots/reads.blow5.test.ct-dt.pdf, id=1152, 505.89pt x 433.62pt>
File: plots/reads.blow5.test.ct-dt.pdf Graphic file (type pdf)
<use plots/reads.blow5.test.ct-dt.pdf>
Package pdftex.def Info: plots/reads.blow5.test.ct-dt.pdf  used on input line 3
.
(pdftex.def)             Requested size: 354.12057pt x 303.53192pt.
)) (./disc/disc.tex
[67] [68] [69 <./plots/reads.blow5.test.ratio.bar.pdf> <./plots/reads.blow5.tes
t.ss.bar.pdf>] [70] [71] [72 <./plots/reads.blow5.test.bps.bar.pdf>] [73 <./plo
ts/reads.blow5.test.ss-ct.pdf> <./plots/reads.blow5.test.ss-ct06.pdf> <./plots/
reads.blow5.test.ss-dt.pdf> <./plots/reads.blow5.test.ss-dt06.pdf>] [74 <./plot
s/reads.blow5.test.ct-dt.pdf>]
Chapter 7
[75


]
Underfull \vbox (badness 10000) has occurred while \output is active []

 [76]
Underfull \vbox (badness 10000) has occurred while \output is active []

 [77])
(./conclusion/conclusion.tex [78]
Chapter 8
) (./appendix/appendix.tex [79


]
Appendix
) [80


] (./thesis.bbl
Bibliography

Underfull \vbox (badness 10000) has occurred while \output is active []

 [81




]
Underfull \hbox (badness 10000) in paragraph at lines 165--169
[]\T1/ptm/m/n/10.95 Lara Marks. 2021.  Nanopore se-quenc-ing.  []$\T1/pcr/m/n/1
0.95 https : / / www .
 []


Underfull \hbox (badness 10000) in paragraph at lines 165--169
\T1/pcr/m/n/10.95 whatisbiotechnology . org / index . php / science / summary /
 nanopore /
 []


Underfull \hbox (badness 10000) in paragraph at lines 183--186
[]\T1/ptm/m/n/10.95 nanoporetech. 2022a.  pod5-file-format.  []$\T1/pcr/m/n/10.
95 https : / / github . com / nanoporetech /
 []


Underfull \hbox (badness 2302) in paragraph at lines 188--191
[]\T1/ptm/m/n/10.95 nanoporetech. 2022b.  vbz_compression.  []$\T1/pcr/m/n/10.9
5 https : / / github . com / nanoporetech / vbz _
 []


Underfull \vbox (badness 10000) has occurred while \output is active []

 [82])
[83]
Package atveryend Info: Empty hook `BeforeClearDocument' on input line 158.
Package atveryend Info: Empty hook `AfterLastShipout' on input line 158.
 (./thesis.aux)
Package atveryend Info: Executing hook `AtVeryEndDocument' on input line 158.
Package atveryend Info: Executing hook `AtEndAfterFileList' on input line 158.
Package rerunfilecheck Info: File `thesis.out' has not changed.
(rerunfilecheck)             Checksum: 1642D68E490B348CAAF309D32F544215;2556.
Package atveryend Info: Empty hook `AtVeryVeryEnd' on input line 158.
 ) 
Here is how much of TeX's memory you used:
 31980 strings out of 483107
 598335 string characters out of 5964631
 1901304 words of memory out of 5000000
 45475 multiletter control sequences out of 15000+600000
 610487 words of font info for 115 fonts, out of 8000000 for 9000
 220 hyphenation exceptions out of 8191
 64i,26n,102p,1246b,1035s stack positions out of 5000i,500n,10000p,200000b,80000s
pdfTeX warning (dest): name{Hfootnote.2} has been referenced but does not exi
st, replaced by a fixed one

pdfTeX warning (dest): name{Hfootnote.1} has been referenced but does not exist
, replaced by a fixed one

 </home/en0cs/.texlive2019/texmf-var/fonts/pk/ljfour/public/bbm/bbm10.657pk>{/u
sr/share/texlive/texmf-dist/fonts/enc/dvips/base/8r.enc}</usr/share/texlive/tex
mf-dist/fonts/type1/public/amsfonts/cm/cmex10.pfb></usr/share/texlive/texmf-dis
t/fonts/type1/public/amsfonts/cmextra/cmex9.pfb></usr/share/texlive/texmf-dist/
fonts/type1/public/amsfonts/cm/cmmi10.pfb></usr/share/texlive/texmf-dist/fonts/
type1/public/amsfonts/cm/cmmi5.pfb></usr/share/texlive/texmf-dist/fonts/type1/p
ublic/amsfonts/cm/cmmi6.pfb></usr/share/texlive/texmf-dist/fonts/type1/public/a
msfonts/cm/cmmi8.pfb></usr/share/texlive/texmf-dist/fonts/type1/public/amsfonts
/cm/cmmi9.pfb></usr/share/texlive/texmf-dist/fonts/type1/public/amsfonts/cm/cmr
10.pfb></usr/share/texlive/texmf-dist/fonts/type1/public/amsfonts/cm/cmr5.pfb><
/usr/share/texlive/texmf-dist/fonts/type1/public/amsfonts/cm/cmr6.pfb></usr/sha
re/texlive/texmf-dist/fonts/type1/public/amsfonts/cm/cmr8.pfb></usr/share/texli
ve/texmf-dist/fonts/type1/public/amsfonts/cm/cmr9.pfb></usr/share/texlive/texmf
-dist/fonts/type1/public/amsfonts/cm/cmsy10.pfb></usr/share/texlive/texmf-dist/
fonts/type1/public/amsfonts/cm/cmsy5.pfb></usr/share/texlive/texmf-dist/fonts/t
ype1/public/amsfonts/cm/cmsy6.pfb></usr/share/texlive/texmf-dist/fonts/type1/pu
blic/amsfonts/cm/cmsy8.pfb></usr/share/texlive/texmf-dist/fonts/type1/public/am
sfonts/cm/cmsy9.pfb></usr/share/texlive/texmf-dist/fonts/type1/public/amsfonts/
symbols/msbm10.pfb></usr/share/texlive/texmf-dist/fonts/type1/urw/courier/ucrr8
a.pfb></usr/share/texlive/texmf-dist/fonts/type1/urw/times/utmb8a.pfb></usr/sha
re/texlive/texmf-dist/fonts/type1/urw/times/utmr8a.pfb></usr/share/texlive/texm
f-dist/fonts/type1/urw/times/utmri8a.pfb>
Output written on thesis.pdf (94 pages, 35973752 bytes).
PDF statistics:
 1510 PDF objects out of 1728 (max. 8388607)
 1312 compressed objects within 14 object streams
 311 named destinations out of 1000 (max. 500000)
 420 words of extra memory for PDF output out of 10000 (max. 10000000)

