\BOOKMARK [0][-]{chapter*.2}{Student Plagiarism: Compliance Statement}{}% 1
\BOOKMARK [0][-]{chapter*.4}{Abstract}{}% 2
\BOOKMARK [0][-]{chapter*.6}{Acknowledgements}{}% 3
\BOOKMARK [0][-]{chapter*.6}{List of Figures}{}% 4
\BOOKMARK [0][-]{chapter*.6}{List of Tables}{}% 5
\BOOKMARK [0][-]{chapter.1}{Chapter 1. Introduction}{}% 6
\BOOKMARK [0][-]{chapter.2}{Chapter 2. Literature Review}{}% 7
\BOOKMARK [1][-]{section.2.1}{2.1. Nanopore Sequencing}{chapter.2}% 8
\BOOKMARK [1][-]{section.2.2}{2.2. Data Compression}{chapter.2}% 9
\BOOKMARK [2][-]{subsection.2.2.1}{2.2.1. Introduction}{section.2.2}% 10
\BOOKMARK [2][-]{subsection.2.2.2}{2.2.2. Entropy coding}{section.2.2}% 11
\BOOKMARK [2][-]{subsection.2.2.3}{2.2.3. Dictionary coding}{section.2.2}% 12
\BOOKMARK [2][-]{subsection.2.2.4}{2.2.4. Other encodings}{section.2.2}% 13
\BOOKMARK [2][-]{subsection.2.2.5}{2.2.5. Nanopore compression}{section.2.2}% 14
\BOOKMARK [0][-]{chapter.3}{Chapter 3. Data}{}% 15
\BOOKMARK [1][-]{section.3.1}{3.1. Characteristics}{chapter.3}% 16
\BOOKMARK [0][-]{chapter.4}{Chapter 4. Problem Space}{}% 17
\BOOKMARK [1][-]{section.4.1}{4.1. Subsequence Searching}{chapter.4}% 18
\BOOKMARK [0][-]{chapter.5}{Chapter 5. Results}{}% 19
\BOOKMARK [0][-]{chapter.6}{Chapter 6. Discussion}{}% 20
\BOOKMARK [0][-]{chapter.7}{Chapter 7. Conclusion}{}% 21
\BOOKMARK [0][-]{chapter*.26}{Appendix}{}% 22
\BOOKMARK [1][-]{section.7.1}{7.1. Subsequence Searching}{chapter*.26}% 23
\BOOKMARK [0][-]{chapter*.28}{Bibliography}{}% 24
