This file contains any messages produced by compilers while
running configure, to aid debugging if configure makes a mistake.

It was created by flac configure 1.3.4, which was
generated by GNU Autoconf 2.69.  Invocation command line was

  $ ./configure 

## --------- ##
## Platform. ##
## --------- ##

hostname = sn4ke
uname -m = x86_64
uname -r = 5.15.0-46-generic
uname -s = Linux
uname -v = #49~20.04.1-Ubuntu SMP Thu Aug 4 19:15:44 UTC 2022

/usr/bin/uname -p = x86_64
/bin/uname -X     = unknown

/bin/arch              = x86_64
/usr/bin/arch -k       = unknown
/usr/convex/getsysinfo = unknown
/usr/bin/hostinfo      = unknown
/bin/machine           = unknown
/usr/bin/oslevel       = unknown
/bin/universe          = unknown

PATH: /home/en0cs/.local/bin
PATH: /usr/local/sbin
PATH: /usr/local/bin
PATH: /usr/sbin
PATH: /usr/bin
PATH: /sbin
PATH: /bin
PATH: /usr/games
PATH: /usr/local/games
PATH: /snap/bin
PATH: /home/en0cs/Android/Sdk/emulator
PATH: /home/en0cs/Android/Sdk/tools
PATH: /home/en0cs/Android/Sdk/tools/bin
PATH: /home/en0cs/Android/Sdk/platform-tools


## ----------- ##
## Core tests. ##
## ----------- ##

configure:2800: checking for a BSD-compatible install
configure:2868: result: /usr/bin/install -c
configure:2879: checking whether build environment is sane
configure:2934: result: yes
configure:3083: checking for a thread-safe mkdir -p
configure:3122: result: /usr/bin/mkdir -p
configure:3129: checking for gawk
configure:3159: result: no
configure:3129: checking for mawk
configure:3145: found /usr/bin/mawk
configure:3156: result: mawk
configure:3167: checking whether make sets $(MAKE)
configure:3189: result: yes
configure:3218: checking whether make supports nested variables
configure:3235: result: yes
configure:3314: checking how to create a pax tar archive
configure:3325: tar --version
tar (GNU tar) 1.30
Copyright (C) 2017 Free Software Foundation, Inc.
License GPLv3+: GNU GPL version 3 or later <https://gnu.org/licenses/gpl.html>.
This is free software: you are free to change and redistribute it.
There is NO WARRANTY, to the extent permitted by law.

Written by John Gilmore and Jay Fenlason.
configure:3328: $? = 0
configure:3368: tardir=conftest.dir && eval tar --format=posix -chf - "$tardir" >conftest.tar
configure:3371: $? = 0
configure:3375: tar -xf - <conftest.tar
configure:3378: $? = 0
configure:3380: cat conftest.dir/file
GrepMe
configure:3383: $? = 0
configure:3396: result: gnutar
configure:3457: checking whether make supports nested variables
configure:3474: result: yes
configure:3486: checking whether configure should try to set CFLAGS/CXXFLAGS/CPPFLAGS/LDFLAGS
configure:3494: result: yes
configure:3498: checking whether to enable debugging
configure:3560: result: no
configure:3596: checking whether make supports the include directive
configure:3611: make -f confmf.GNU && cat confinc.out
this is the am__doit target
configure:3614: $? = 0
configure:3633: result: yes (GNU style)
configure:3703: checking for gcc
configure:3719: found /usr/bin/gcc
configure:3730: result: gcc
configure:3959: checking for C compiler version
configure:3968: gcc --version >&5
gcc (Ubuntu 9.4.0-1ubuntu1~20.04.1) 9.4.0
Copyright (C) 2019 Free Software Foundation, Inc.
This is free software; see the source for copying conditions.  There is NO
warranty; not even for MERCHANTABILITY or FITNESS FOR A PARTICULAR PURPOSE.

configure:3979: $? = 0
configure:3968: gcc -v >&5
Using built-in specs.
COLLECT_GCC=gcc
COLLECT_LTO_WRAPPER=/usr/lib/gcc/x86_64-linux-gnu/9/lto-wrapper
OFFLOAD_TARGET_NAMES=nvptx-none:hsa
OFFLOAD_TARGET_DEFAULT=1
Target: x86_64-linux-gnu
Configured with: ../src/configure -v --with-pkgversion='Ubuntu 9.4.0-1ubuntu1~20.04.1' --with-bugurl=file:///usr/share/doc/gcc-9/README.Bugs --enable-languages=c,ada,c++,go,brig,d,fortran,objc,obj-c++,gm2 --prefix=/usr --with-gcc-major-version-only --program-suffix=-9 --program-prefix=x86_64-linux-gnu- --enable-shared --enable-linker-build-id --libexecdir=/usr/lib --without-included-gettext --enable-threads=posix --libdir=/usr/lib --enable-nls --enable-clocale=gnu --enable-libstdcxx-debug --enable-libstdcxx-time=yes --with-default-libstdcxx-abi=new --enable-gnu-unique-object --disable-vtable-verify --enable-plugin --enable-default-pie --with-system-zlib --with-target-system-zlib=auto --enable-objc-gc=auto --enable-multiarch --disable-werror --with-arch-32=i686 --with-abi=m64 --with-multilib-list=m32,m64,mx32 --enable-multilib --with-tune=generic --enable-offload-targets=nvptx-none=/build/gcc-9-Av3uEd/gcc-9-9.4.0/debian/tmp-nvptx/usr,hsa --without-cuda-driver --enable-checking=release --build=x86_64-linux-gnu --host=x86_64-linux-gnu --target=x86_64-linux-gnu
Thread model: posix
gcc version 9.4.0 (Ubuntu 9.4.0-1ubuntu1~20.04.1) 
configure:3979: $? = 0
configure:3968: gcc -V >&5
gcc: error: unrecognized command line option '-V'
gcc: fatal error: no input files
compilation terminated.
configure:3979: $? = 1
configure:3968: gcc -qversion >&5
gcc: error: unrecognized command line option '-qversion'; did you mean '--version'?
gcc: fatal error: no input files
compilation terminated.
configure:3979: $? = 1
configure:3999: checking whether the C compiler works
configure:4021: gcc    conftest.c  >&5
configure:4025: $? = 0
configure:4073: result: yes
configure:4076: checking for C compiler default output file name
configure:4078: result: a.out
configure:4084: checking for suffix of executables
configure:4091: gcc -o conftest    conftest.c  >&5
configure:4095: $? = 0
configure:4117: result: 
configure:4139: checking whether we are cross compiling
configure:4147: gcc -o conftest    conftest.c  >&5
configure:4151: $? = 0
configure:4158: ./conftest
configure:4162: $? = 0
configure:4150: result: no
configure:4155: checking for suffix of object files
configure:4177: gcc -c   conftest.c >&5
configure:4181: $? = 0
configure:4202: result: o
configure:4206: checking whether we are using the GNU C compiler
configure:4225: gcc -c   conftest.c >&5
configure:4225: $? = 0
configure:4234: result: yes
configure:4243: checking whether gcc accepts -g
configure:4263: gcc -c -g  conftest.c >&5
configure:4263: $? = 0
configure:4304: result: yes
configure:4321: checking for gcc option to accept ISO C89
configure:4384: gcc  -c   conftest.c >&5
configure:4384: $? = 0
configure:4397: result: none needed
configure:4422: checking whether gcc understands -c and -o together
configure:4444: gcc -c conftest.c -o conftest2.o
configure:4447: $? = 0
configure:4444: gcc -c conftest.c -o conftest2.o
configure:4447: $? = 0
configure:4459: result: yes
configure:4478: checking dependency style of gcc
configure:4589: result: gcc3
configure:4608: checking for gcc option to accept ISO C99
configure:4757: gcc  -c   conftest.c >&5
configure:4757: $? = 0
configure:4770: result: none needed
configure:4878: checking for gcc option to accept ISO Standard C
configure:4889: result: none needed
configure:4902: checking how to run the C preprocessor
configure:4933: gcc -E  conftest.c
configure:4933: $? = 0
configure:4947: gcc -E  conftest.c
conftest.c:12:10: fatal error: ac_nonexistent.h: No such file or directory
   12 | #include <ac_nonexistent.h>
      |          ^~~~~~~~~~~~~~~~~~
compilation terminated.
configure:4947: $? = 1
configure: failed program was:
| /* confdefs.h */
| #define PACKAGE_NAME "flac"
| #define PACKAGE_TARNAME "flac"
| #define PACKAGE_VERSION "1.3.4"
| #define PACKAGE_STRING "flac 1.3.4"
| #define PACKAGE_BUGREPORT "flac-dev@xiph.org"
| #define PACKAGE_URL "https://www.xiph.org/flac/"
| #define PACKAGE "flac"
| #define VERSION "1.3.4"
| #define NDEBUG /**/
| /* end confdefs.h.  */
| #include <ac_nonexistent.h>
configure:4972: result: gcc -E
configure:4992: gcc -E  conftest.c
configure:4992: $? = 0
configure:5006: gcc -E  conftest.c
conftest.c:12:10: fatal error: ac_nonexistent.h: No such file or directory
   12 | #include <ac_nonexistent.h>
      |          ^~~~~~~~~~~~~~~~~~
compilation terminated.
configure:5006: $? = 1
configure: failed program was:
| /* confdefs.h */
| #define PACKAGE_NAME "flac"
| #define PACKAGE_TARNAME "flac"
| #define PACKAGE_VERSION "1.3.4"
| #define PACKAGE_STRING "flac 1.3.4"
| #define PACKAGE_BUGREPORT "flac-dev@xiph.org"
| #define PACKAGE_URL "https://www.xiph.org/flac/"
| #define PACKAGE "flac"
| #define VERSION "1.3.4"
| #define NDEBUG /**/
| /* end confdefs.h.  */
| #include <ac_nonexistent.h>
configure:5035: checking for grep that handles long lines and -e
configure:5093: result: /usr/bin/grep
configure:5098: checking for egrep
configure:5160: result: /usr/bin/grep -E
configure:5165: checking for ANSI C header files
configure:5185: gcc -c   conftest.c >&5
configure:5185: $? = 0
configure:5258: gcc -o conftest    conftest.c  >&5
configure:5258: $? = 0
configure:5258: ./conftest
configure:5258: $? = 0
configure:5269: result: yes
configure:5282: checking for sys/types.h
configure:5282: gcc -c   conftest.c >&5
configure:5282: $? = 0
configure:5282: result: yes
configure:5282: checking for sys/stat.h
configure:5282: gcc -c   conftest.c >&5
configure:5282: $? = 0
configure:5282: result: yes
configure:5282: checking for stdlib.h
configure:5282: gcc -c   conftest.c >&5
configure:5282: $? = 0
configure:5282: result: yes
configure:5282: checking for string.h
configure:5282: gcc -c   conftest.c >&5
configure:5282: $? = 0
configure:5282: result: yes
configure:5282: checking for memory.h
configure:5282: gcc -c   conftest.c >&5
configure:5282: $? = 0
configure:5282: result: yes
configure:5282: checking for strings.h
configure:5282: gcc -c   conftest.c >&5
configure:5282: $? = 0
configure:5282: result: yes
configure:5282: checking for inttypes.h
configure:5282: gcc -c   conftest.c >&5
configure:5282: $? = 0
configure:5282: result: yes
configure:5282: checking for stdint.h
configure:5282: gcc -c   conftest.c >&5
configure:5282: $? = 0
configure:5282: result: yes
configure:5282: checking for unistd.h
configure:5282: gcc -c   conftest.c >&5
configure:5282: $? = 0
configure:5282: result: yes
configure:5295: checking minix/config.h usability
configure:5295: gcc -c   conftest.c >&5
conftest.c:55:10: fatal error: minix/config.h: No such file or directory
   55 | #include <minix/config.h>
      |          ^~~~~~~~~~~~~~~~
compilation terminated.
configure:5295: $? = 1
configure: failed program was:
| /* confdefs.h */
| #define PACKAGE_NAME "flac"
| #define PACKAGE_TARNAME "flac"
| #define PACKAGE_VERSION "1.3.4"
| #define PACKAGE_STRING "flac 1.3.4"
| #define PACKAGE_BUGREPORT "flac-dev@xiph.org"
| #define PACKAGE_URL "https://www.xiph.org/flac/"
| #define PACKAGE "flac"
| #define VERSION "1.3.4"
| #define NDEBUG /**/
| #define STDC_HEADERS 1
| #define HAVE_SYS_TYPES_H 1
| #define HAVE_SYS_STAT_H 1
| #define HAVE_STDLIB_H 1
| #define HAVE_STRING_H 1
| #define HAVE_MEMORY_H 1
| #define HAVE_STRINGS_H 1
| #define HAVE_INTTYPES_H 1
| #define HAVE_STDINT_H 1
| #define HAVE_UNISTD_H 1
| /* end confdefs.h.  */
| #include <stdio.h>
| #ifdef HAVE_SYS_TYPES_H
| # include <sys/types.h>
| #endif
| #ifdef HAVE_SYS_STAT_H
| # include <sys/stat.h>
| #endif
| #ifdef STDC_HEADERS
| # include <stdlib.h>
| # include <stddef.h>
| #else
| # ifdef HAVE_STDLIB_H
| #  include <stdlib.h>
| # endif
| #endif
| #ifdef HAVE_STRING_H
| # if !defined STDC_HEADERS && defined HAVE_MEMORY_H
| #  include <memory.h>
| # endif
| # include <string.h>
| #endif
| #ifdef HAVE_STRINGS_H
| # include <strings.h>
| #endif
| #ifdef HAVE_INTTYPES_H
| # include <inttypes.h>
| #endif
| #ifdef HAVE_STDINT_H
| # include <stdint.h>
| #endif
| #ifdef HAVE_UNISTD_H
| # include <unistd.h>
| #endif
| #include <minix/config.h>
configure:5295: result: no
configure:5295: checking minix/config.h presence
configure:5295: gcc -E  conftest.c
conftest.c:22:10: fatal error: minix/config.h: No such file or directory
   22 | #include <minix/config.h>
      |          ^~~~~~~~~~~~~~~~
compilation terminated.
configure:5295: $? = 1
configure: failed program was:
| /* confdefs.h */
| #define PACKAGE_NAME "flac"
| #define PACKAGE_TARNAME "flac"
| #define PACKAGE_VERSION "1.3.4"
| #define PACKAGE_STRING "flac 1.3.4"
| #define PACKAGE_BUGREPORT "flac-dev@xiph.org"
| #define PACKAGE_URL "https://www.xiph.org/flac/"
| #define PACKAGE "flac"
| #define VERSION "1.3.4"
| #define NDEBUG /**/
| #define STDC_HEADERS 1
| #define HAVE_SYS_TYPES_H 1
| #define HAVE_SYS_STAT_H 1
| #define HAVE_STDLIB_H 1
| #define HAVE_STRING_H 1
| #define HAVE_MEMORY_H 1
| #define HAVE_STRINGS_H 1
| #define HAVE_INTTYPES_H 1
| #define HAVE_STDINT_H 1
| #define HAVE_UNISTD_H 1
| /* end confdefs.h.  */
| #include <minix/config.h>
configure:5295: result: no
configure:5295: checking for minix/config.h
configure:5295: result: no
configure:5316: checking whether it is safe to define __EXTENSIONS__
configure:5334: gcc -c   conftest.c >&5
configure:5334: $? = 0
configure:5341: result: yes
configure:5404: checking for ar
configure:5420: found /usr/bin/ar
configure:5431: result: ar
configure:5457: checking the archiver (ar) interface
configure:5473: gcc -c   conftest.c >&5
configure:5473: $? = 0
configure:5475: ar cru libconftest.a conftest.o >&5
ar: `u' modifier ignored since `D' is the default (see `U')
configure:5478: $? = 0
configure:5477: result: ar
configure:5526: checking build system type
configure:5540: result: x86_64-pc-linux-gnu
configure:5560: checking host system type
configure:5573: result: x86_64-pc-linux-gnu
configure:5614: checking how to print strings
configure:5641: result: printf
configure:5662: checking for a sed that does not truncate output
configure:5726: result: /usr/bin/sed
configure:5744: checking for fgrep
configure:5806: result: /usr/bin/grep -F
configure:5841: checking for ld used by gcc
configure:5908: result: /usr/bin/ld
configure:5915: checking if the linker (/usr/bin/ld) is GNU ld
configure:5930: result: yes
configure:5942: checking for BSD- or MS-compatible name lister (nm)
configure:5996: result: /usr/bin/nm -B
configure:6126: checking the name lister (/usr/bin/nm -B) interface
configure:6133: gcc -c   conftest.c >&5
configure:6136: /usr/bin/nm -B "conftest.o"
configure:6139: output
0000000000000000 B some_variable
configure:6140: result: BSD nm
configure:6143: checking whether ln -s works
configure:6147: result: yes
configure:6155: checking the maximum length of command line arguments
configure:6286: result: 1572864
configure:6334: checking how to convert x86_64-pc-linux-gnu file names to x86_64-pc-linux-gnu format
configure:6374: result: func_convert_file_noop
configure:6381: checking how to convert x86_64-pc-linux-gnu file names to toolchain format
configure:6401: result: func_convert_file_noop
configure:6408: checking for /usr/bin/ld option to reload object files
configure:6415: result: -r
configure:6489: checking for objdump
configure:6505: found /usr/bin/objdump
configure:6516: result: objdump
configure:6545: checking how to recognize dependent libraries
configure:6745: result: pass_all
configure:6830: checking for dlltool
configure:6860: result: no
configure:6887: checking how to associate runtime and link libraries
configure:6914: result: printf %s\n
configure:7038: checking for archiver @FILE support
configure:7055: gcc -c   conftest.c >&5
configure:7055: $? = 0
configure:7058: ar cru libconftest.a @conftest.lst >&5
ar: `u' modifier ignored since `D' is the default (see `U')
configure:7061: $? = 0
configure:7066: ar cru libconftest.a @conftest.lst >&5
ar: `u' modifier ignored since `D' is the default (see `U')
ar: conftest.o: No such file or directory
configure:7069: $? = 1
configure:7068: result: @
configure:7126: checking for strip
configure:7142: found /usr/bin/strip
configure:7153: result: strip
configure:7225: checking for ranlib
configure:7241: found /usr/bin/ranlib
configure:7252: result: ranlib
configure:7354: checking command to parse /usr/bin/nm -B output from gcc object
configure:7507: gcc -c   conftest.c >&5
configure:7510: $? = 0
configure:7514: /usr/bin/nm -B conftest.o \| sed -n -e 's/^.*[ ]\([ABCDGIRSTW][ABCDGIRSTW]*\)[ ][ ]*\([_A-Za-z][_A-Za-z0-9]*\)$/\1 \2 \2/p' | sed '/ __gnu_lto/d' \> conftest.nm
configure:7517: $? = 0
configure:7583: gcc -o conftest    conftest.c conftstm.o >&5
configure:7586: $? = 0
configure:7624: result: ok
configure:7671: checking for sysroot
configure:7701: result: no
configure:7708: checking for a working dd
configure:7746: result: /usr/bin/dd
configure:7750: checking how to truncate binary pipes
configure:7765: result: /usr/bin/dd bs=4096 count=1
configure:7901: gcc -c   conftest.c >&5
configure:7904: $? = 0
configure:8094: checking for mt
configure:8110: found /usr/bin/mt
configure:8121: result: mt
configure:8144: checking if mt is a manifest tool
configure:8150: mt '-?'
configure:8158: result: no
configure:8832: checking for dlfcn.h
configure:8832: gcc -c   conftest.c >&5
configure:8832: $? = 0
configure:8832: result: yes
configure:9384: checking for objdir
configure:9399: result: .libs
configure:9663: checking if gcc supports -fno-rtti -fno-exceptions
configure:9681: gcc -c   -fno-rtti -fno-exceptions conftest.c >&5
cc1: warning: command line option '-fno-rtti' is valid for C++/D/ObjC++ but not for C
configure:9685: $? = 0
configure:9698: result: no
configure:10056: checking for gcc option to produce PIC
configure:10063: result: -fPIC -DPIC
configure:10071: checking if gcc PIC flag -fPIC -DPIC works
configure:10089: gcc -c   -fPIC -DPIC -DPIC conftest.c >&5
configure:10093: $? = 0
configure:10106: result: yes
configure:10135: checking if gcc static flag -static works
configure:10163: result: yes
configure:10178: checking if gcc supports -c -o file.o
configure:10199: gcc -c   -o out/conftest2.o conftest.c >&5
configure:10203: $? = 0
configure:10225: result: yes
configure:10233: checking if gcc supports -c -o file.o
configure:10280: result: yes
configure:10313: checking whether the gcc linker (/usr/bin/ld -m elf_x86_64) supports shared libraries
configure:11572: result: yes
configure:11609: checking whether -lc should be explicitly linked in
configure:11617: gcc -c   conftest.c >&5
configure:11620: $? = 0
configure:11635: gcc -shared  -fPIC -DPIC conftest.o  -v -Wl,-soname -Wl,conftest -o conftest 2\>\&1 \| /usr/bin/grep  -lc  \>/dev/null 2\>\&1
configure:11638: $? = 0
configure:11652: result: no
configure:11812: checking dynamic linker characteristics
configure:12393: gcc -o conftest    -Wl,-rpath -Wl,/foo conftest.c  >&5
configure:12393: $? = 0
configure:12633: result: GNU/Linux ld.so
configure:12755: checking how to hardcode library paths into programs
configure:12780: result: immediate
configure:13328: checking whether stripping libraries is possible
configure:13333: result: yes
configure:13368: checking if libtool supports shared libraries
configure:13370: result: yes
configure:13373: checking whether to build shared libraries
configure:13398: result: yes
configure:13401: checking whether to build static libraries
configure:13405: result: no
configure:10240: checking dependency style of gcc
configure:10349: result: gcc3
configure:10422: checking for g++
configure:10438: found /usr/bin/g++
configure:10449: result: g++
configure:10476: checking for C++ compiler version
configure:10485: g++ --version >&5
g++ (Ubuntu 9.4.0-1ubuntu1~20.04.1) 9.4.0
Copyright (C) 2019 Free Software Foundation, Inc.
This is free software; see the source for copying conditions.  There is NO
warranty; not even for MERCHANTABILITY or FITNESS FOR A PARTICULAR PURPOSE.

configure:10496: $? = 0
configure:10485: g++ -v >&5
Using built-in specs.
COLLECT_GCC=g++
COLLECT_LTO_WRAPPER=/usr/lib/gcc/x86_64-linux-gnu/9/lto-wrapper
OFFLOAD_TARGET_NAMES=nvptx-none:hsa
OFFLOAD_TARGET_DEFAULT=1
Target: x86_64-linux-gnu
Configured with: ../src/configure -v --with-pkgversion='Ubuntu 9.4.0-1ubuntu1~20.04.1' --with-bugurl=file:///usr/share/doc/gcc-9/README.Bugs --enable-languages=c,ada,c++,go,brig,d,fortran,objc,obj-c++,gm2 --prefix=/usr --with-gcc-major-version-only --program-suffix=-9 --program-prefix=x86_64-linux-gnu- --enable-shared --enable-linker-build-id --libexecdir=/usr/lib --without-included-gettext --enable-threads=posix --libdir=/usr/lib --enable-nls --enable-clocale=gnu --enable-libstdcxx-debug --enable-libstdcxx-time=yes --with-default-libstdcxx-abi=new --enable-gnu-unique-object --disable-vtable-verify --enable-plugin --enable-default-pie --with-system-zlib --with-target-system-zlib=auto --enable-objc-gc=auto --enable-multiarch --disable-werror --with-arch-32=i686 --with-abi=m64 --with-multilib-list=m32,m64,mx32 --enable-multilib --with-tune=generic --enable-offload-targets=nvptx-none=/build/gcc-9-Av3uEd/gcc-9-9.4.0/debian/tmp-nvptx/usr,hsa --without-cuda-driver --enable-checking=release --build=x86_64-linux-gnu --host=x86_64-linux-gnu --target=x86_64-linux-gnu
Thread model: posix
gcc version 9.4.0 (Ubuntu 9.4.0-1ubuntu1~20.04.1) 
configure:10496: $? = 0
configure:10485: g++ -V >&5
g++: error: unrecognized command line option '-V'
g++: fatal error: no input files
compilation terminated.
configure:10496: $? = 1
configure:10485: g++ -qversion >&5
g++: error: unrecognized command line option '-qversion'; did you mean '--version'?
g++: fatal error: no input files
compilation terminated.
configure:10496: $? = 1
configure:10500: checking whether we are using the GNU C++ compiler
configure:10519: g++ -c   conftest.cpp >&5
configure:10519: $? = 0
configure:10528: result: yes
configure:10537: checking whether g++ accepts -g
configure:10557: g++ -c -g  conftest.cpp >&5
configure:10557: $? = 0
configure:10598: result: yes
configure:10623: checking dependency style of g++
configure:10734: result: gcc3
configure:10767: checking how to run the C++ preprocessor
configure:10794: g++ -E  conftest.cpp
configure:10794: $? = 0
configure:10808: g++ -E  conftest.cpp
conftest.cpp:29:10: fatal error: ac_nonexistent.h: No such file or directory
   29 | #include <ac_nonexistent.h>
      |          ^~~~~~~~~~~~~~~~~~
compilation terminated.
configure:10808: $? = 1
configure: failed program was:
| /* confdefs.h */
| #define PACKAGE_NAME "flac"
| #define PACKAGE_TARNAME "flac"
| #define PACKAGE_VERSION "1.3.4"
| #define PACKAGE_STRING "flac 1.3.4"
| #define PACKAGE_BUGREPORT "flac-dev@xiph.org"
| #define PACKAGE_URL "https://www.xiph.org/flac/"
| #define PACKAGE "flac"
| #define VERSION "1.3.4"
| #define NDEBUG /**/
| #define STDC_HEADERS 1
| #define HAVE_SYS_TYPES_H 1
| #define HAVE_SYS_STAT_H 1
| #define HAVE_STDLIB_H 1
| #define HAVE_STRING_H 1
| #define HAVE_MEMORY_H 1
| #define HAVE_STRINGS_H 1
| #define HAVE_INTTYPES_H 1
| #define HAVE_STDINT_H 1
| #define HAVE_UNISTD_H 1
| #define __EXTENSIONS__ 1
| #define _ALL_SOURCE 1
| #define _GNU_SOURCE 1
| #define _POSIX_PTHREAD_SEMANTICS 1
| #define _TANDEM_SOURCE 1
| #define HAVE_DLFCN_H 1
| #define LT_OBJDIR ".libs/"
| /* end confdefs.h.  */
| #include <ac_nonexistent.h>
configure:10833: result: g++ -E
configure:10853: g++ -E  conftest.cpp
configure:10853: $? = 0
configure:10867: g++ -E  conftest.cpp
conftest.cpp:29:10: fatal error: ac_nonexistent.h: No such file or directory
   29 | #include <ac_nonexistent.h>
      |          ^~~~~~~~~~~~~~~~~~
compilation terminated.
configure:10867: $? = 1
configure: failed program was:
| /* confdefs.h */
| #define PACKAGE_NAME "flac"
| #define PACKAGE_TARNAME "flac"
| #define PACKAGE_VERSION "1.3.4"
| #define PACKAGE_STRING "flac 1.3.4"
| #define PACKAGE_BUGREPORT "flac-dev@xiph.org"
| #define PACKAGE_URL "https://www.xiph.org/flac/"
| #define PACKAGE "flac"
| #define VERSION "1.3.4"
| #define NDEBUG /**/
| #define STDC_HEADERS 1
| #define HAVE_SYS_TYPES_H 1
| #define HAVE_SYS_STAT_H 1
| #define HAVE_STDLIB_H 1
| #define HAVE_STRING_H 1
| #define HAVE_MEMORY_H 1
| #define HAVE_STRINGS_H 1
| #define HAVE_INTTYPES_H 1
| #define HAVE_STDINT_H 1
| #define HAVE_UNISTD_H 1
| #define __EXTENSIONS__ 1
| #define _ALL_SOURCE 1
| #define _GNU_SOURCE 1
| #define _POSIX_PTHREAD_SEMANTICS 1
| #define _TANDEM_SOURCE 1
| #define HAVE_DLFCN_H 1
| #define LT_OBJDIR ".libs/"
| /* end confdefs.h.  */
| #include <ac_nonexistent.h>
configure:11029: checking for ld used by g++
configure:11096: result: /usr/bin/ld -m elf_x86_64
configure:11103: checking if the linker (/usr/bin/ld -m elf_x86_64) is GNU ld
configure:11118: result: yes
configure:11173: checking whether the g++ linker (/usr/bin/ld -m elf_x86_64) supports shared libraries
configure:12246: result: yes
configure:12282: g++ -c   conftest.cpp >&5
configure:12285: $? = 0
configure:12766: checking for g++ option to produce PIC
configure:12773: result: -fPIC -DPIC
configure:12781: checking if g++ PIC flag -fPIC -DPIC works
configure:12799: g++ -c   -fPIC -DPIC -DPIC conftest.cpp >&5
configure:12803: $? = 0
configure:12816: result: yes
configure:12839: checking if g++ static flag -static works
configure:12867: result: yes
configure:12879: checking if g++ supports -c -o file.o
configure:12900: g++ -c   -o out/conftest2.o conftest.cpp >&5
configure:12904: $? = 0
configure:12926: result: yes
configure:12931: checking if g++ supports -c -o file.o
configure:12978: result: yes
configure:13008: checking whether the g++ linker (/usr/bin/ld -m elf_x86_64) supports shared libraries
configure:13048: result: yes
configure:13189: checking dynamic linker characteristics
configure:13937: result: GNU/Linux ld.so
configure:14002: checking how to hardcode library paths into programs
configure:14027: result: immediate
configure:12910: checking whether we are using the CLANG C compiler
configure:12933: gcc -o conftest    conftest.c  >&5
conftest.c: In function 'main':
conftest.c:37:5: error: unknown type name 'This'
   37 |     This is not clang!
      |     ^~~~
conftest.c:37:13: error: expected '=', ',', ';', 'asm' or '__attribute__' before 'not'
   37 |     This is not clang!
      |             ^~~
configure:12933: $? = 1
configure: failed program was:
| /* confdefs.h */
| #define PACKAGE_NAME "flac"
| #define PACKAGE_TARNAME "flac"
| #define PACKAGE_VERSION "1.3.4"
| #define PACKAGE_STRING "flac 1.3.4"
| #define PACKAGE_BUGREPORT "flac-dev@xiph.org"
| #define PACKAGE_URL "https://www.xiph.org/flac/"
| #define PACKAGE "flac"
| #define VERSION "1.3.4"
| #define NDEBUG /**/
| #define STDC_HEADERS 1
| #define HAVE_SYS_TYPES_H 1
| #define HAVE_SYS_STAT_H 1
| #define HAVE_STDLIB_H 1
| #define HAVE_STRING_H 1
| #define HAVE_MEMORY_H 1
| #define HAVE_STRINGS_H 1
| #define HAVE_INTTYPES_H 1
| #define HAVE_STDINT_H 1
| #define HAVE_UNISTD_H 1
| #define __EXTENSIONS__ 1
| #define _ALL_SOURCE 1
| #define _GNU_SOURCE 1
| #define _POSIX_PTHREAD_SEMANTICS 1
| #define _TANDEM_SOURCE 1
| #define HAVE_DLFCN_H 1
| #define LT_OBJDIR ".libs/"
| /* end confdefs.h.  */
| 
| 			#include <stdio.h>
| 
| int
| main ()
| {
| 
| 			#ifndef __clang__
| 				This is not clang!
| 			#endif
| 
|   ;
|   return 0;
| }
configure:12939: result: no
configure:12965: gcc -o conftest    conftest.c  >&5
configure:12965: $? = 0
configure:12975: checking whether make sets $(MAKE)
configure:12997: result: yes
configure:13015: checking for special C compiler options needed for large files
configure:13060: result: no
configure:13066: checking for _FILE_OFFSET_BITS value needed for large files
configure:13091: gcc -c   conftest.c >&5
configure:13091: $? = 0
configure:13123: result: no
configure:13208: checking for _LARGEFILE_SOURCE value needed for large files
configure:13227: gcc -o conftest    conftest.c  >&5
configure:13227: $? = 0
configure:13255: result: no
configure:13281: checking size of off_t
configure:13286: gcc -o conftest    conftest.c  >&5
configure:13286: $? = 0
configure:13286: ./conftest
configure:13286: $? = 0
configure:13300: result: 8
configure:13314: checking size of void*
configure:13319: gcc -o conftest    conftest.c  >&5
configure:13319: $? = 0
configure:13319: ./conftest
configure:13319: $? = 0
configure:13333: result: 8
configure:13343: checking for library containing lround
configure:13374: gcc -o conftest    conftest.c  >&5
conftest.c:39:6: warning: conflicting types for built-in function 'lround'; expected 'long int(double)' [-Wbuiltin-declaration-mismatch]
   39 | char lround ();
      |      ^~~~~~
conftest.c:1:1: note: 'lround' is declared in header '<math.h>'
    1 | /* confdefs.h */
/usr/bin/ld: /tmp/cctdaoFO.o: in function `main':
conftest.c:(.text+0xe): undefined reference to `lround'
collect2: error: ld returned 1 exit status
configure:13374: $? = 1
configure: failed program was:
| /* confdefs.h */
| #define PACKAGE_NAME "flac"
| #define PACKAGE_TARNAME "flac"
| #define PACKAGE_VERSION "1.3.4"
| #define PACKAGE_STRING "flac 1.3.4"
| #define PACKAGE_BUGREPORT "flac-dev@xiph.org"
| #define PACKAGE_URL "https://www.xiph.org/flac/"
| #define PACKAGE "flac"
| #define VERSION "1.3.4"
| #define NDEBUG /**/
| #define STDC_HEADERS 1
| #define HAVE_SYS_TYPES_H 1
| #define HAVE_SYS_STAT_H 1
| #define HAVE_STDLIB_H 1
| #define HAVE_STRING_H 1
| #define HAVE_MEMORY_H 1
| #define HAVE_STRINGS_H 1
| #define HAVE_INTTYPES_H 1
| #define HAVE_STDINT_H 1
| #define HAVE_UNISTD_H 1
| #define __EXTENSIONS__ 1
| #define _ALL_SOURCE 1
| #define _GNU_SOURCE 1
| #define _POSIX_PTHREAD_SEMANTICS 1
| #define _TANDEM_SOURCE 1
| #define HAVE_DLFCN_H 1
| #define LT_OBJDIR ".libs/"
| #define HAVE_FSEEKO 1
| #define SIZEOF_OFF_T 8
| #define SIZEOF_VOIDP 8
| /* end confdefs.h.  */
| 
| /* Override any GCC internal prototype to avoid an error.
|    Use char because int might match the return type of a GCC
|    builtin and then its argument prototype would still apply.  */
| #ifdef __cplusplus
| extern "C"
| #endif
| char lround ();
| int
| main ()
| {
| return lround ();
|   ;
|   return 0;
| }
configure:13374: gcc -o conftest    conftest.c -lm   >&5
conftest.c:39:6: warning: conflicting types for built-in function 'lround'; expected 'long int(double)' [-Wbuiltin-declaration-mismatch]
   39 | char lround ();
      |      ^~~~~~
conftest.c:1:1: note: 'lround' is declared in header '<math.h>'
    1 | /* confdefs.h */
configure:13374: $? = 0
configure:13391: result: -lm
configure:13410: checking for variable-length arrays
configure:13426: g++ -c   conftest.cpp >&5
configure:13426: $? = 0
configure:13433: result: yes
configure:13454: checking for ANSI C header files
configure:13558: result: yes
configure:13567: checking for inline
configure:13583: gcc -c   conftest.c >&5
configure:13583: $? = 0
configure:13591: result: inline
configure:13610: checking for variable-length arrays
configure:13633: result: yes
configure:13642: checking for typeof syntax and keyword spelling
configure:13673: gcc -c   conftest.c >&5
configure:13673: $? = 0
configure:13680: result: typeof
configure:13699: checking for stdint.h
configure:13699: result: yes
configure:13699: checking for inttypes.h
configure:13699: result: yes
configure:13699: checking byteswap.h usability
configure:13699: gcc -c   conftest.c >&5
configure:13699: $? = 0
configure:13699: result: yes
configure:13699: checking byteswap.h presence
configure:13699: gcc -E  conftest.c
configure:13699: $? = 0
configure:13699: result: yes
configure:13699: checking for byteswap.h
configure:13699: result: yes
configure:13699: checking sys/param.h usability
configure:13699: gcc -c   conftest.c >&5
configure:13699: $? = 0
configure:13699: result: yes
configure:13699: checking sys/param.h presence
configure:13699: gcc -E  conftest.c
configure:13699: $? = 0
configure:13699: result: yes
configure:13699: checking for sys/param.h
configure:13699: result: yes
configure:13699: checking sys/ioctl.h usability
configure:13699: gcc -c   conftest.c >&5
configure:13699: $? = 0
configure:13699: result: yes
configure:13699: checking sys/ioctl.h presence
configure:13699: gcc -E  conftest.c
configure:13699: $? = 0
configure:13699: result: yes
configure:13699: checking for sys/ioctl.h
configure:13699: result: yes
configure:13699: checking termios.h usability
configure:13699: gcc -c   conftest.c >&5
configure:13699: $? = 0
configure:13699: result: yes
configure:13699: checking termios.h presence
configure:13699: gcc -E  conftest.c
configure:13699: $? = 0
configure:13699: result: yes
configure:13699: checking for termios.h
configure:13699: result: yes
configure:13699: checking x86intrin.h usability
configure:13699: gcc -c   conftest.c >&5
configure:13699: $? = 0
configure:13699: result: yes
configure:13699: checking x86intrin.h presence
configure:13699: gcc -E  conftest.c
configure:13699: $? = 0
configure:13699: result: yes
configure:13699: checking for x86intrin.h
configure:13699: result: yes
configure:13699: checking cpuid.h usability
configure:13699: gcc -c   conftest.c >&5
configure:13699: $? = 0
configure:13699: result: yes
configure:13699: checking cpuid.h presence
configure:13699: gcc -E  conftest.c
configure:13699: $? = 0
configure:13699: result: yes
configure:13699: checking for cpuid.h
configure:13699: result: yes
configure:13710: checking for bswap32 intrinsic
configure:13730: gcc -o conftest    conftest.c -lm  >&5
configure:13730: $? = 0
configure:13745: result: yes
configure:13748: checking for bswap16 intrinsic
configure:13768: gcc -o conftest    conftest.c -lm  >&5
configure:13768: $? = 0
configure:13783: result: yes
configure:13789: checking whether byte ordering is bigendian
configure:13804: gcc -c   conftest.c >&5
conftest.c:49:9: error: unknown type name 'not'
   49 |         not a universal capable compiler
      |         ^~~
conftest.c:49:15: error: expected '=', ',', ';', 'asm' or '__attribute__' before 'universal'
   49 |         not a universal capable compiler
      |               ^~~~~~~~~
conftest.c:49:15: error: unknown type name 'universal'
configure:13804: $? = 1
configure: failed program was:
| /* confdefs.h */
| #define PACKAGE_NAME "flac"
| #define PACKAGE_TARNAME "flac"
| #define PACKAGE_VERSION "1.3.4"
| #define PACKAGE_STRING "flac 1.3.4"
| #define PACKAGE_BUGREPORT "flac-dev@xiph.org"
| #define PACKAGE_URL "https://www.xiph.org/flac/"
| #define PACKAGE "flac"
| #define VERSION "1.3.4"
| #define NDEBUG /**/
| #define STDC_HEADERS 1
| #define HAVE_SYS_TYPES_H 1
| #define HAVE_SYS_STAT_H 1
| #define HAVE_STDLIB_H 1
| #define HAVE_STRING_H 1
| #define HAVE_MEMORY_H 1
| #define HAVE_STRINGS_H 1
| #define HAVE_INTTYPES_H 1
| #define HAVE_STDINT_H 1
| #define HAVE_UNISTD_H 1
| #define __EXTENSIONS__ 1
| #define _ALL_SOURCE 1
| #define _GNU_SOURCE 1
| #define _POSIX_PTHREAD_SEMANTICS 1
| #define _TANDEM_SOURCE 1
| #define HAVE_DLFCN_H 1
| #define LT_OBJDIR ".libs/"
| #define HAVE_FSEEKO 1
| #define SIZEOF_OFF_T 8
| #define SIZEOF_VOIDP 8
| #define HAVE_LROUND 1
| #define HAVE_C_VARARRAYS 1
| #define HAVE_CXX_VARARRAYS 1
| #define STDC_HEADERS 1
| #define HAVE_C_VARARRAYS 1
| #define HAVE_TYPEOF 1
| #define HAVE_STDINT_H 1
| #define HAVE_INTTYPES_H 1
| #define HAVE_BYTESWAP_H 1
| #define HAVE_SYS_PARAM_H 1
| #define HAVE_SYS_IOCTL_H 1
| #define HAVE_TERMIOS_H 1
| #define HAVE_X86INTRIN_H 1
| #define HAVE_CPUID_H 1
| #define HAVE_BSWAP32 1
| #define HAVE_BSWAP16 1
| /* end confdefs.h.  */
| #ifndef __APPLE_CC__
| 	       not a universal capable compiler
| 	     #endif
| 	     typedef int dummy;
| 
configure:13849: gcc -c   conftest.c >&5
configure:13849: $? = 0
configure:13867: gcc -c   conftest.c >&5
conftest.c: In function 'main':
conftest.c:55:4: error: unknown type name 'not'; did you mean 'ino_t'?
   55 |    not big endian
      |    ^~~
      |    ino_t
conftest.c:55:12: error: expected '=', ',', ';', 'asm' or '__attribute__' before 'endian'
   55 |    not big endian
      |            ^~~~~~
configure:13867: $? = 1
configure: failed program was:
| /* confdefs.h */
| #define PACKAGE_NAME "flac"
| #define PACKAGE_TARNAME "flac"
| #define PACKAGE_VERSION "1.3.4"
| #define PACKAGE_STRING "flac 1.3.4"
| #define PACKAGE_BUGREPORT "flac-dev@xiph.org"
| #define PACKAGE_URL "https://www.xiph.org/flac/"
| #define PACKAGE "flac"
| #define VERSION "1.3.4"
| #define NDEBUG /**/
| #define STDC_HEADERS 1
| #define HAVE_SYS_TYPES_H 1
| #define HAVE_SYS_STAT_H 1
| #define HAVE_STDLIB_H 1
| #define HAVE_STRING_H 1
| #define HAVE_MEMORY_H 1
| #define HAVE_STRINGS_H 1
| #define HAVE_INTTYPES_H 1
| #define HAVE_STDINT_H 1
| #define HAVE_UNISTD_H 1
| #define __EXTENSIONS__ 1
| #define _ALL_SOURCE 1
| #define _GNU_SOURCE 1
| #define _POSIX_PTHREAD_SEMANTICS 1
| #define _TANDEM_SOURCE 1
| #define HAVE_DLFCN_H 1
| #define LT_OBJDIR ".libs/"
| #define HAVE_FSEEKO 1
| #define SIZEOF_OFF_T 8
| #define SIZEOF_VOIDP 8
| #define HAVE_LROUND 1
| #define HAVE_C_VARARRAYS 1
| #define HAVE_CXX_VARARRAYS 1
| #define STDC_HEADERS 1
| #define HAVE_C_VARARRAYS 1
| #define HAVE_TYPEOF 1
| #define HAVE_STDINT_H 1
| #define HAVE_INTTYPES_H 1
| #define HAVE_BYTESWAP_H 1
| #define HAVE_SYS_PARAM_H 1
| #define HAVE_SYS_IOCTL_H 1
| #define HAVE_TERMIOS_H 1
| #define HAVE_X86INTRIN_H 1
| #define HAVE_CPUID_H 1
| #define HAVE_BSWAP32 1
| #define HAVE_BSWAP16 1
| /* end confdefs.h.  */
| #include <sys/types.h>
| 		#include <sys/param.h>
| 
| int
| main ()
| {
| #if BYTE_ORDER != BIG_ENDIAN
| 		 not big endian
| 		#endif
| 
|   ;
|   return 0;
| }
configure:13995: result: no
configure:14060: checking for socklen_t
configure:14060: gcc -c   conftest.c >&5
configure:14060: $? = 0
configure:14060: gcc -c   conftest.c >&5
conftest.c: In function 'main':
conftest.c:87:24: error: expected expression before ')' token
   87 | if (sizeof ((socklen_t)))
      |                        ^
configure:14060: $? = 1
configure: failed program was:
| /* confdefs.h */
| #define PACKAGE_NAME "flac"
| #define PACKAGE_TARNAME "flac"
| #define PACKAGE_VERSION "1.3.4"
| #define PACKAGE_STRING "flac 1.3.4"
| #define PACKAGE_BUGREPORT "flac-dev@xiph.org"
| #define PACKAGE_URL "https://www.xiph.org/flac/"
| #define PACKAGE "flac"
| #define VERSION "1.3.4"
| #define NDEBUG /**/
| #define STDC_HEADERS 1
| #define HAVE_SYS_TYPES_H 1
| #define HAVE_SYS_STAT_H 1
| #define HAVE_STDLIB_H 1
| #define HAVE_STRING_H 1
| #define HAVE_MEMORY_H 1
| #define HAVE_STRINGS_H 1
| #define HAVE_INTTYPES_H 1
| #define HAVE_STDINT_H 1
| #define HAVE_UNISTD_H 1
| #define __EXTENSIONS__ 1
| #define _ALL_SOURCE 1
| #define _GNU_SOURCE 1
| #define _POSIX_PTHREAD_SEMANTICS 1
| #define _TANDEM_SOURCE 1
| #define HAVE_DLFCN_H 1
| #define LT_OBJDIR ".libs/"
| #define HAVE_FSEEKO 1
| #define SIZEOF_OFF_T 8
| #define SIZEOF_VOIDP 8
| #define HAVE_LROUND 1
| #define HAVE_C_VARARRAYS 1
| #define HAVE_CXX_VARARRAYS 1
| #define STDC_HEADERS 1
| #define HAVE_C_VARARRAYS 1
| #define HAVE_TYPEOF 1
| #define HAVE_STDINT_H 1
| #define HAVE_INTTYPES_H 1
| #define HAVE_BYTESWAP_H 1
| #define HAVE_SYS_PARAM_H 1
| #define HAVE_SYS_IOCTL_H 1
| #define HAVE_TERMIOS_H 1
| #define HAVE_X86INTRIN_H 1
| #define HAVE_CPUID_H 1
| #define HAVE_BSWAP32 1
| #define HAVE_BSWAP16 1
| #define CPU_IS_BIG_ENDIAN 0
| #define CPU_IS_LITTLE_ENDIAN 1
| #define WORDS_BIGENDIAN 0
| /* end confdefs.h.  */
| #include <stdio.h>
| #ifdef HAVE_SYS_TYPES_H
| # include <sys/types.h>
| #endif
| #ifdef HAVE_SYS_STAT_H
| # include <sys/stat.h>
| #endif
| #ifdef STDC_HEADERS
| # include <stdlib.h>
| # include <stddef.h>
| #else
| # ifdef HAVE_STDLIB_H
| #  include <stdlib.h>
| # endif
| #endif
| #ifdef HAVE_STRING_H
| # if !defined STDC_HEADERS && defined HAVE_MEMORY_H
| #  include <memory.h>
| # endif
| # include <string.h>
| #endif
| #ifdef HAVE_STRINGS_H
| # include <strings.h>
| #endif
| #ifdef HAVE_INTTYPES_H
| # include <inttypes.h>
| #endif
| #ifdef HAVE_STDINT_H
| # include <stdint.h>
| #endif
| #ifdef HAVE_UNISTD_H
| # include <unistd.h>
| #endif
| int
| main ()
| {
| if (sizeof ((socklen_t)))
| 	    return 0;
|   ;
|   return 0;
| }
configure:14060: result: yes
configure:14073: checking for getopt_long
configure:14073: gcc -o conftest    conftest.c -lm  >&5
configure:14073: $? = 0
configure:14073: result: yes
configure:14087: checking size of void*
configure:14106: result: 8
configure:14572: checking for doxygen
configure:14588: found /usr/bin/doxygen
configure:14599: result: doxygen
configure:14686: checking for xmms-config
configure:14717: result: no
configure:14829: checking for XMMS - version >= 0.9.5.1
configure:14837: result: no
configure:14864: WARNING: *** XMMS >= 0.9.5.1 not installed - XMMS support will not be built
configure:15038: checking for Ogg
configure:15073: gcc -o conftest     conftest.c -lm   -logg >&5
configure:15073: $? = 0
configure:15073: ./conftest
configure:15073: $? = 0
configure:15092: result: yes
configure:15227: checking for ld used by gcc
configure:15294: result: /usr/bin/ld -m elf_x86_64
configure:15301: checking if the linker (/usr/bin/ld -m elf_x86_64) is GNU ld
configure:15316: result: yes
configure:15323: checking for shared library run path origin
configure:15336: result: done
configure:15914: checking for iconv
configure:15938: gcc -o conftest    conftest.c -lm  >&5
configure:15938: $? = 0
configure:15972: result: yes
configure:15975: checking for working iconv
configure:16095: gcc -o conftest    conftest.c -lm  >&5
configure:16095: $? = 0
configure:16095: ./conftest
configure:16095: $? = 0
configure:16107: result: yes
configure:16135: checking for iconv declaration
configure:16164: gcc -c   conftest.c >&5
configure:16164: $? = 0
configure:16175: result:
         extern size_t iconv (iconv_t cd, char * *inbuf, size_t *inbytesleft, char * *outbuf, size_t *outbytesleft);
configure:16187: checking for nl_langinfo and CODESET
configure:16203: gcc -o conftest    conftest.c -lm  >&5
configure:16203: $? = 0
configure:16212: result: yes
configure:16225: checking for docbook-to-man
configure:16255: result: no
configure:16225: checking for docbook2man
configure:16241: found /usr/bin/docbook2man
configure:16252: result: docbook2man
configure:16277: checking for clock_gettime in -lrt
configure:16302: gcc -o conftest    conftest.c -lrt  -lm  >&5
configure:16302: $? = 0
configure:16311: result: yes
configure:16327: checking for nasm
configure:16357: result: no
configure:16389: checking for version of gcc
configure:16392: result: 9
configure:16411: checking if gcc accepts -Wdeclaration-after-statement
configure:16428: gcc -o conftest -Wdeclaration-after-statement   conftest.c -lm  >&5
configure:16428: $? = 0
configure:16429: result: yes
configure:16443: checking whether to add -D_FORTIFY_SOURCE=2 to CPPFLAGS
configure:16459: gcc -o conftest -O3 -funroll-loops -Wall -Wextra -Wstrict-prototypes -Wmissing-prototypes -Waggregate-return -Wcast-align -Wnested-externs -Wshadow -Wundef -Wmissing-declarations -Winline  -Wdeclaration-after-statement   conftest.c -lm  >&5
conftest.c:70:21: warning: function declaration isn't a prototype [-Wstrict-prototypes]
   70 |                 int main() {
      |                     ^~~~
conftest.c: In function 'main':
conftest.c:74:21: error: 'this_is_an_error' undeclared (first use in this function)
   74 |                     this_is_an_error;
      |                     ^~~~~~~~~~~~~~~~
conftest.c:74:21: note: each undeclared identifier is reported only once for each function it appears in
configure:16459: $? = 1
configure: failed program was:
| /* confdefs.h */
| #define PACKAGE_NAME "flac"
| #define PACKAGE_TARNAME "flac"
| #define PACKAGE_VERSION "1.3.4"
| #define PACKAGE_STRING "flac 1.3.4"
| #define PACKAGE_BUGREPORT "flac-dev@xiph.org"
| #define PACKAGE_URL "https://www.xiph.org/flac/"
| #define PACKAGE "flac"
| #define VERSION "1.3.4"
| #define NDEBUG /**/
| #define STDC_HEADERS 1
| #define HAVE_SYS_TYPES_H 1
| #define HAVE_SYS_STAT_H 1
| #define HAVE_STDLIB_H 1
| #define HAVE_STRING_H 1
| #define HAVE_MEMORY_H 1
| #define HAVE_STRINGS_H 1
| #define HAVE_INTTYPES_H 1
| #define HAVE_STDINT_H 1
| #define HAVE_UNISTD_H 1
| #define __EXTENSIONS__ 1
| #define _ALL_SOURCE 1
| #define _GNU_SOURCE 1
| #define _POSIX_PTHREAD_SEMANTICS 1
| #define _TANDEM_SOURCE 1
| #define HAVE_DLFCN_H 1
| #define LT_OBJDIR ".libs/"
| #define HAVE_FSEEKO 1
| #define SIZEOF_OFF_T 8
| #define SIZEOF_VOIDP 8
| #define HAVE_LROUND 1
| #define HAVE_C_VARARRAYS 1
| #define HAVE_CXX_VARARRAYS 1
| #define STDC_HEADERS 1
| #define HAVE_C_VARARRAYS 1
| #define HAVE_TYPEOF 1
| #define HAVE_STDINT_H 1
| #define HAVE_INTTYPES_H 1
| #define HAVE_BYTESWAP_H 1
| #define HAVE_SYS_PARAM_H 1
| #define HAVE_SYS_IOCTL_H 1
| #define HAVE_TERMIOS_H 1
| #define HAVE_X86INTRIN_H 1
| #define HAVE_CPUID_H 1
| #define HAVE_BSWAP32 1
| #define HAVE_BSWAP16 1
| #define CPU_IS_BIG_ENDIAN 0
| #define CPU_IS_LITTLE_ENDIAN 1
| #define WORDS_BIGENDIAN 0
| #define HAVE_SOCKLEN_T 1
| #define HAVE_GETOPT_LONG 1
| #define SIZEOF_VOIDP 8
| #define FLAC__CPU_X86_64 1
| #define FLAC__HAS_X86INTRIN 1
| #define FLAC__SYS_LINUX 1
| #define FLAC__ALIGN_MALLOC_DATA 1
| #define FLAC__USE_ALTIVEC 1
| #define FLAC__USE_VSX 1
| #define FLAC__USE_AVX 1
| #define ENABLE_64_BIT_WORDS 0
| #define FLAC__HAS_OGG 1
| #define HAVE_ICONV 1
| #define ICONV_CONST 
| #define HAVE_LANGINFO_CODESET 1
| #define FLAC__HAS_DOCBOOK_TO_MAN 1
| #define HAVE_CLOCK_GETTIME 1
| /* end confdefs.h.  */
| 
| 
|                 int main() {
|                 #ifndef _FORTIFY_SOURCE
|                     return 0;
|                 #else
|                     this_is_an_error;
|                 #endif
|                 }
| 
| 
configure:16467: result: no
configure:16481: checking if g++ accepts -Weffc++
configure:16499: g++ -o conftest -Weffc++   conftest.cpp -lm  >&5
configure:16499: $? = 0
configure:16500: result: yes
configure:16607: checking if gcc accepts -msse2
configure:16624: gcc -o conftest -msse2  -DFLAC__USE_VISIBILITY_ATTR  conftest.c -lm  >&5
configure:16624: $? = 0
configure:16625: result: yes
configure:16755: checking if gcc supports stack smash protection
configure:16773: gcc -o conftest -fstack-protector-strong  -DFLAC__USE_VISIBILITY_ATTR  conftest.c -lm  >&5
configure:16773: $? = 0
configure:16774: result: yes
configure:16792: checking if g++ supports stack smash protection
configure:16810: g++ -o conftest -O3 -Wall -Wextra -Wcast-align -Wshadow -Wwrite-strings -Wctor-dtor-privacy -Wnon-virtual-dtor -Wreorder -Wsign-promo -Wundef  -Weffc++ -fvisibility=hidden  -DFLAC__USE_VISIBILITY_ATTR  conftest.cpp -lm  >&5
configure:16810: $? = 0
configure:16811: result: yes
configure:16940: checking that generated files are newer than configure
configure:16946: result: done
configure:17082: creating ./config.status

## ---------------------- ##
## Running config.status. ##
## ---------------------- ##

This file was extended by flac config.status 1.3.4, which was
generated by GNU Autoconf 2.69.  Invocation command line was

  CONFIG_FILES    = 
  CONFIG_HEADERS  = 
  CONFIG_LINKS    = 
  CONFIG_COMMANDS = 
  $ ./config.status 

on sn4ke

config.status:1332: creating Makefile
config.status:1332: creating src/Makefile
config.status:1332: creating src/libFLAC/Makefile
config.status:1332: creating src/libFLAC/flac.pc
config.status:1332: creating src/libFLAC/ia32/Makefile
config.status:1332: creating src/libFLAC/include/Makefile
config.status:1332: creating src/libFLAC/include/private/Makefile
config.status:1332: creating src/libFLAC/include/protected/Makefile
config.status:1332: creating src/libFLAC++/Makefile
config.status:1332: creating src/libFLAC++/flac++.pc
config.status:1332: creating src/flac/Makefile
config.status:1332: creating src/metaflac/Makefile
config.status:1332: creating src/plugin_common/Makefile
config.status:1332: creating src/plugin_xmms/Makefile
config.status:1332: creating src/share/Makefile
config.status:1332: creating src/test_grabbag/Makefile
config.status:1332: creating src/test_grabbag/cuesheet/Makefile
config.status:1332: creating src/test_grabbag/picture/Makefile
config.status:1332: creating src/test_libs_common/Makefile
config.status:1332: creating src/test_libFLAC/Makefile
config.status:1332: creating src/test_libFLAC++/Makefile
config.status:1332: creating src/test_seeking/Makefile
config.status:1332: creating src/test_streams/Makefile
config.status:1332: creating src/utils/Makefile
config.status:1332: creating src/utils/flacdiff/Makefile
config.status:1332: creating src/utils/flactimer/Makefile
config.status:1332: creating examples/Makefile
config.status:1332: creating examples/c/Makefile
config.status:1332: creating examples/c/decode/Makefile
config.status:1332: creating examples/c/decode/file/Makefile
config.status:1332: creating examples/c/encode/Makefile
config.status:1332: creating examples/c/encode/file/Makefile
config.status:1332: creating examples/cpp/Makefile
config.status:1332: creating examples/cpp/decode/Makefile
config.status:1332: creating examples/cpp/decode/file/Makefile
config.status:1332: creating examples/cpp/encode/Makefile
config.status:1332: creating examples/cpp/encode/file/Makefile
config.status:1332: creating include/Makefile
config.status:1332: creating include/FLAC/Makefile
config.status:1332: creating include/FLAC++/Makefile
config.status:1332: creating include/share/Makefile
config.status:1332: creating include/share/grabbag/Makefile
config.status:1332: creating include/test_libs_common/Makefile
config.status:1332: creating doc/Doxyfile
config.status:1332: creating doc/Makefile
config.status:1332: creating doc/html/Makefile
config.status:1332: creating doc/html/images/Makefile
config.status:1332: creating m4/Makefile
config.status:1332: creating man/Makefile
config.status:1332: creating test/common.sh
config.status:1332: creating test/Makefile
config.status:1332: creating test/cuesheets/Makefile
config.status:1332: creating test/flac-to-flac-metadata-test-files/Makefile
config.status:1332: creating test/metaflac-test-files/Makefile
config.status:1332: creating test/pictures/Makefile
config.status:1332: creating build/Makefile
config.status:1332: creating microbench/Makefile
config.status:1332: creating oss-fuzz/Makefile
config.status:1332: creating config.h
config.status:1561: executing depfiles commands
config.status:1638: cd src/libFLAC       && sed -e '/# am--include-marker/d' Makefile         | make -f - am--depfiles
config.status:1643: $? = 0
config.status:1638: cd src/libFLAC++       && sed -e '/# am--include-marker/d' Makefile         | make -f - am--depfiles
config.status:1643: $? = 0
config.status:1638: cd src/flac       && sed -e '/# am--include-marker/d' Makefile         | make -f - am--depfiles
config.status:1643: $? = 0
config.status:1638: cd src/metaflac       && sed -e '/# am--include-marker/d' Makefile         | make -f - am--depfiles
config.status:1643: $? = 0
config.status:1638: cd src/plugin_common       && sed -e '/# am--include-marker/d' Makefile         | make -f - am--depfiles
config.status:1643: $? = 0
config.status:1638: cd src/plugin_xmms       && sed -e '/# am--include-marker/d' Makefile         | make -f - am--depfiles
config.status:1643: $? = 0
config.status:1638: cd src/share       && sed -e '/# am--include-marker/d' Makefile         | make -f - am--depfiles
config.status:1643: $? = 0
config.status:1638: cd src/test_grabbag/cuesheet       && sed -e '/# am--include-marker/d' Makefile         | make -f - am--depfiles
config.status:1643: $? = 0
config.status:1638: cd src/test_grabbag/picture       && sed -e '/# am--include-marker/d' Makefile         | make -f - am--depfiles
config.status:1643: $? = 0
config.status:1638: cd src/test_libs_common       && sed -e '/# am--include-marker/d' Makefile         | make -f - am--depfiles
config.status:1643: $? = 0
config.status:1638: cd src/test_libFLAC       && sed -e '/# am--include-marker/d' Makefile         | make -f - am--depfiles
config.status:1643: $? = 0
config.status:1638: cd src/test_libFLAC++       && sed -e '/# am--include-marker/d' Makefile         | make -f - am--depfiles
config.status:1643: $? = 0
config.status:1638: cd src/test_seeking       && sed -e '/# am--include-marker/d' Makefile         | make -f - am--depfiles
config.status:1643: $? = 0
config.status:1638: cd src/test_streams       && sed -e '/# am--include-marker/d' Makefile         | make -f - am--depfiles
config.status:1643: $? = 0
config.status:1638: cd examples/c/decode/file       && sed -e '/# am--include-marker/d' Makefile         | make -f - am--depfiles
config.status:1643: $? = 0
config.status:1638: cd examples/c/encode/file       && sed -e '/# am--include-marker/d' Makefile         | make -f - am--depfiles
config.status:1643: $? = 0
config.status:1638: cd examples/cpp/decode/file       && sed -e '/# am--include-marker/d' Makefile         | make -f - am--depfiles
config.status:1643: $? = 0
config.status:1638: cd examples/cpp/encode/file       && sed -e '/# am--include-marker/d' Makefile         | make -f - am--depfiles
config.status:1643: $? = 0
config.status:1638: cd microbench       && sed -e '/# am--include-marker/d' Makefile         | make -f - am--depfiles
config.status:1643: $? = 0
config.status:1638: cd oss-fuzz       && sed -e '/# am--include-marker/d' Makefile         | make -f - am--depfiles
config.status:1643: $? = 0
config.status:1561: executing libtool commands
configure:19567: result:
-=-=-=-=-=-=-=-=-=-= Configuration Complete =-=-=-=-=-=-=-=-=-=-

  Configuration summary :

    FLAC version : ............................ 1.3.4

    Host CPU : ................................ x86_64
    Host Vendor : ............................. pc
    Host OS : ................................. linux-gnu


## ---------------- ##
## Cache variables. ##
## ---------------- ##

ac_cv_build=x86_64-pc-linux-gnu
ac_cv_c_big_endian=0
ac_cv_c_bigendian=no
ac_cv_c_bswap16=yes
ac_cv_c_bswap32=yes
ac_cv_c_compiler_gnu=yes
ac_cv_c_inline=inline
ac_cv_c_little_endian=1
ac_cv_c_typeof=typeof
ac_cv_c_vararrays=yes
ac_cv_cxx_compiler_gnu=yes
ac_cv_env_CCASFLAGS_set=
ac_cv_env_CCASFLAGS_value=
ac_cv_env_CCAS_set=
ac_cv_env_CCAS_value=
ac_cv_env_CCC_set=
ac_cv_env_CCC_value=
ac_cv_env_CC_set=
ac_cv_env_CC_value=
ac_cv_env_CFLAGS_set=
ac_cv_env_CFLAGS_value=
ac_cv_env_CPPFLAGS_set=
ac_cv_env_CPPFLAGS_value=
ac_cv_env_CPP_set=
ac_cv_env_CPP_value=
ac_cv_env_CXXCPP_set=
ac_cv_env_CXXCPP_value=
ac_cv_env_CXXFLAGS_set=
ac_cv_env_CXXFLAGS_value=
ac_cv_env_CXX_set=
ac_cv_env_CXX_value=
ac_cv_env_LDFLAGS_set=
ac_cv_env_LDFLAGS_value=
ac_cv_env_LIBS_set=
ac_cv_env_LIBS_value=
ac_cv_env_LT_SYS_LIBRARY_PATH_set=
ac_cv_env_LT_SYS_LIBRARY_PATH_value=
ac_cv_env_build_alias_set=
ac_cv_env_build_alias_value=
ac_cv_env_host_alias_set=
ac_cv_env_host_alias_value=
ac_cv_env_target_alias_set=
ac_cv_env_target_alias_value=
ac_cv_func_getopt_long=yes
ac_cv_header_byteswap_h=yes
ac_cv_header_cpuid_h=yes
ac_cv_header_dlfcn_h=yes
ac_cv_header_inttypes_h=yes
ac_cv_header_memory_h=yes
ac_cv_header_minix_config_h=no
ac_cv_header_stdc=yes
ac_cv_header_stdint_h=yes
ac_cv_header_stdlib_h=yes
ac_cv_header_string_h=yes
ac_cv_header_strings_h=yes
ac_cv_header_sys_ioctl_h=yes
ac_cv_header_sys_param_h=yes
ac_cv_header_sys_stat_h=yes
ac_cv_header_sys_types_h=yes
ac_cv_header_termios_h=yes
ac_cv_header_unistd_h=yes
ac_cv_header_x86intrin_h=yes
ac_cv_host=x86_64-pc-linux-gnu
ac_cv_lib_rt_clock_gettime=yes
ac_cv_objext=o
ac_cv_path_EGREP='/usr/bin/grep -E'
ac_cv_path_FGREP='/usr/bin/grep -F'
ac_cv_path_GREP=/usr/bin/grep
ac_cv_path_SED=/usr/bin/sed
ac_cv_path_XMMS_CONFIG=no
ac_cv_path_install='/usr/bin/install -c'
ac_cv_path_lt_DD=/usr/bin/dd
ac_cv_path_mkdir=/usr/bin/mkdir
ac_cv_prog_AWK=mawk
ac_cv_prog_CPP='gcc -E'
ac_cv_prog_CXXCPP='g++ -E'
ac_cv_prog_DOCBOOK_TO_MAN=docbook2man
ac_cv_prog_DOXYGEN=doxygen
ac_cv_prog_ac_ct_AR=ar
ac_cv_prog_ac_ct_CC=gcc
ac_cv_prog_ac_ct_CXX=g++
ac_cv_prog_ac_ct_MANIFEST_TOOL=mt
ac_cv_prog_ac_ct_OBJDUMP=objdump
ac_cv_prog_ac_ct_RANLIB=ranlib
ac_cv_prog_ac_ct_STRIP=strip
ac_cv_prog_cc_c89=
ac_cv_prog_cc_c99=
ac_cv_prog_cc_g=yes
ac_cv_prog_cc_stdc=
ac_cv_prog_cxx_g=yes
ac_cv_prog_make_make_set=yes
ac_cv_safe_to_define___extensions__=yes
ac_cv_search_lround=-lm
ac_cv_sizeof_off_t=8
ac_cv_sizeof_voidp=8
ac_cv_sys_file_offset_bits=no
ac_cv_sys_largefile_CC=no
ac_cv_sys_largefile_source=no
ac_cv_type_socklen_t=yes
acl_cv_path_LD='/usr/bin/ld -m elf_x86_64'
acl_cv_prog_gnu_ld=yes
acl_cv_rpath=done
am_cv_CCAS_dependencies_compiler_type=gcc3
am_cv_CC_dependencies_compiler_type=gcc3
am_cv_CXX_dependencies_compiler_type=gcc3
am_cv_ar_interface=ar
am_cv_func_iconv=yes
am_cv_func_iconv_works=yes
am_cv_langinfo_codeset=yes
am_cv_lib_iconv=no
am_cv_make_support_nested_variables=yes
am_cv_prog_cc_c_o=yes
am_cv_prog_tar_pax=gnutar
am_cv_proto_iconv='extern size_t iconv (iconv_t cd, char * *inbuf, size_t *inbytesleft, char * *outbuf, size_t *outbytesleft);'
am_cv_proto_iconv_arg1=
lt_cv_ar_at_file=@
lt_cv_archive_cmds_need_lc=no
lt_cv_deplibs_check_method=pass_all
lt_cv_file_magic_cmd='$MAGIC_CMD'
lt_cv_file_magic_test_file=
lt_cv_ld_reload_flag=-r
lt_cv_nm_interface='BSD nm'
lt_cv_objdir=.libs
lt_cv_path_LD=/usr/bin/ld
lt_cv_path_LDCXX='/usr/bin/ld -m elf_x86_64'
lt_cv_path_NM='/usr/bin/nm -B'
lt_cv_path_mainfest_tool=no
lt_cv_prog_compiler_c_o=yes
lt_cv_prog_compiler_c_o_CXX=yes
lt_cv_prog_compiler_pic='-fPIC -DPIC'
lt_cv_prog_compiler_pic_CXX='-fPIC -DPIC'
lt_cv_prog_compiler_pic_works=yes
lt_cv_prog_compiler_pic_works_CXX=yes
lt_cv_prog_compiler_rtti_exceptions=no
lt_cv_prog_compiler_static_works=yes
lt_cv_prog_compiler_static_works_CXX=yes
lt_cv_prog_gnu_ld=yes
lt_cv_prog_gnu_ldcxx=yes
lt_cv_sharedlib_from_linklib_cmd='printf %s\n'
lt_cv_shlibpath_overrides_runpath=yes
lt_cv_sys_global_symbol_pipe='sed -n -e '\''s/^.*[	 ]\([ABCDGIRSTW][ABCDGIRSTW]*\)[	 ][	 ]*\([_A-Za-z][_A-Za-z0-9]*\)$/\1 \2 \2/p'\'' | sed '\''/ __gnu_lto/d'\'''
lt_cv_sys_global_symbol_to_c_name_address='sed -n -e '\''s/^: \(.*\) .*$/  {"\1", (void *) 0},/p'\'' -e '\''s/^[ABCDGIRSTW][ABCDGIRSTW]* .* \(.*\)$/  {"\1", (void *) \&\1},/p'\'''
lt_cv_sys_global_symbol_to_c_name_address_lib_prefix='sed -n -e '\''s/^: \(.*\) .*$/  {"\1", (void *) 0},/p'\'' -e '\''s/^[ABCDGIRSTW][ABCDGIRSTW]* .* \(lib.*\)$/  {"\1", (void *) \&\1},/p'\'' -e '\''s/^[ABCDGIRSTW][ABCDGIRSTW]* .* \(.*\)$/  {"lib\1", (void *) \&\1},/p'\'''
lt_cv_sys_global_symbol_to_cdecl='sed -n -e '\''s/^T .* \(.*\)$/extern int \1();/p'\'' -e '\''s/^[ABCDGIRSTW][ABCDGIRSTW]* .* \(.*\)$/extern char \1;/p'\'''
lt_cv_sys_global_symbol_to_import=
lt_cv_sys_max_cmd_len=1572864
lt_cv_to_host_file_cmd=func_convert_file_noop
lt_cv_to_tool_file_cmd=func_convert_file_noop
lt_cv_truncate_bin='/usr/bin/dd bs=4096 count=1'
xiph_cv_c_compiler_clang=no

## ----------------- ##
## Output variables. ##
## ----------------- ##

ACLOCAL='${SHELL} /home/en0cs/uni/honours/press/flac-1.3.4/missing aclocal-1.16'
AMDEPBACKSLASH='\'
AMDEP_FALSE='#'
AMDEP_TRUE=''
AMTAR='$${TAR-tar}'
AM_BACKSLASH='\'
AM_DEFAULT_V='$(AM_DEFAULT_VERBOSITY)'
AM_DEFAULT_VERBOSITY='0'
AM_V='$(V)'
AR='ar'
AS='as'
AUTOCONF='${SHELL} /home/en0cs/uni/honours/press/flac-1.3.4/missing autoconf'
AUTOHEADER='${SHELL} /home/en0cs/uni/honours/press/flac-1.3.4/missing autoheader'
AUTOMAKE='${SHELL} /home/en0cs/uni/honours/press/flac-1.3.4/missing automake-1.16'
AWK='mawk'
CC='gcc'
CCAS='gcc'
CCASDEPMODE='depmode=gcc3'
CCASFLAGS=''
CCDEPMODE='depmode=gcc3'
CFLAGS='-O3 -funroll-loops -Wall -Wextra -Wstrict-prototypes -Wmissing-prototypes -Waggregate-return -Wcast-align -Wnested-externs -Wshadow -Wundef -Wmissing-declarations -Winline  -Wdeclaration-after-statement -fvisibility=hidden -msse2 -fstack-protector-strong -fstack-protector-strong'
CPP='gcc -E'
CPPFLAGS=' -DFLAC__USE_VISIBILITY_ATTR'
CXX='g++'
CXXCPP='g++ -E'
CXXDEPMODE='depmode=gcc3'
CXXFLAGS='-O3 -Wall -Wextra -Wcast-align -Wshadow -Wwrite-strings -Wctor-dtor-privacy -Wnon-virtual-dtor -Wreorder -Wsign-promo -Wundef  -Weffc++ -fvisibility=hidden'
CYGPATH_W='echo'
DEBUG_FALSE=''
DEBUG_TRUE='#'
DEFS='-DHAVE_CONFIG_H'
DEPDIR='.deps'
DLLTOOL='false'
DOCBOOK_TO_MAN='docbook2man'
DOXYGEN='doxygen'
DSYMUTIL=''
DUMPBIN=''
ECHO_C=''
ECHO_N='-n'
ECHO_T=''
EGREP='/usr/bin/grep -E'
ENABLE_64_BIT_WORDS=''
EXAMPLES_FALSE='#'
EXAMPLES_TRUE=''
EXEEXT=''
FGREP='/usr/bin/grep -F'
FLAC__CPU_X86_64_FALSE='#'
FLAC__CPU_X86_64_TRUE=''
FLAC__HAS_OGG='1'
FLAC__TEST_LEVEL='1'
FLAC__TEST_WITH_VALGRIND='no'
FLaC__CPU_IA32_FALSE=''
FLaC__CPU_IA32_TRUE='#'
FLaC__CPU_PPC64_FALSE=''
FLaC__CPU_PPC64_TRUE='#'
FLaC__CPU_PPC_FALSE=''
FLaC__CPU_PPC_TRUE='#'
FLaC__CPU_SPARC_FALSE=''
FLaC__CPU_SPARC_TRUE='#'
FLaC__HAS_DOCBOOK_TO_MAN_FALSE='#'
FLaC__HAS_DOCBOOK_TO_MAN_TRUE=''
FLaC__HAS_DOXYGEN_FALSE='#'
FLaC__HAS_DOXYGEN_TRUE=''
FLaC__HAS_NASM_FALSE=''
FLaC__HAS_NASM_TRUE='#'
FLaC__HAS_OGG_FALSE='#'
FLaC__HAS_OGG_TRUE=''
FLaC__HAS_XMMS_FALSE=''
FLaC__HAS_XMMS_TRUE='#'
FLaC__INSTALL_XMMS_PLUGIN_LOCALLY_FALSE=''
FLaC__INSTALL_XMMS_PLUGIN_LOCALLY_TRUE='#'
FLaC__NO_ASM_FALSE=''
FLaC__NO_ASM_TRUE='#'
FLaC__SYS_DARWIN_FALSE=''
FLaC__SYS_DARWIN_TRUE='#'
FLaC__SYS_LINUX_FALSE='#'
FLaC__SYS_LINUX_TRUE=''
FLaC__USE_ALTIVEC_FALSE='#'
FLaC__USE_ALTIVEC_TRUE=''
FLaC__USE_AVX_FALSE='#'
FLaC__USE_AVX_TRUE=''
FLaC__USE_VSX_FALSE='#'
FLaC__USE_VSX_TRUE=''
FLaC__WITH_CPPLIBS_FALSE='#'
FLaC__WITH_CPPLIBS_TRUE=''
GCC_MAJOR_VERSION='9'
GCC_MINOR_VERSION='9'
GCC_VERSION='9'
GREP='/usr/bin/grep'
INSTALL_DATA='${INSTALL} -m 644'
INSTALL_PROGRAM='${INSTALL}'
INSTALL_SCRIPT='${INSTALL}'
INSTALL_STRIP_PROGRAM='$(install_sh) -c -s'
LD='/usr/bin/ld -m elf_x86_64'
LDFLAGS=''
LIBICONV=''
LIBOBJS=''
LIBS='-lm '
LIBTOOL='$(SHELL) $(top_builddir)/libtool'
LIB_CLOCK_GETTIME='-lrt'
LIB_FUZZING_ENGINE=''
LIPO=''
LN_S='ln -s'
LTLIBICONV=''
LTLIBOBJS=''
LT_SYS_LIBRARY_PATH=''
MAKEINFO='${SHELL} /home/en0cs/uni/honours/press/flac-1.3.4/missing makeinfo'
MANIFEST_TOOL=':'
MKDIR_P='/usr/bin/mkdir -p'
NASM=''
NM='/usr/bin/nm -B'
NMEDIT=''
OBJDUMP='objdump'
OBJEXT='o'
OBJ_FORMAT='elf'
OGG_CFLAGS=''
OGG_LIBS=' -logg'
OGG_PACKAGE='ogg'
OS_IS_WINDOWS_FALSE=''
OS_IS_WINDOWS_TRUE='#'
OTOOL64=''
OTOOL=''
PACKAGE='flac'
PACKAGE_BUGREPORT='flac-dev@xiph.org'
PACKAGE_NAME='flac'
PACKAGE_STRING='flac 1.3.4'
PACKAGE_TARNAME='flac'
PACKAGE_URL='https://www.xiph.org/flac/'
PACKAGE_VERSION='1.3.4'
PATH_SEPARATOR=':'
RANLIB='ranlib'
SED='/usr/bin/sed'
SET_MAKE=''
SHELL='/bin/bash'
STRIP='strip'
USE_OSSFUZZERS_FALSE=''
USE_OSSFUZZERS_TRUE='#'
USE_OSSFUZZ_FLAG_FALSE=''
USE_OSSFUZZ_FLAG_TRUE='#'
USE_OSSFUZZ_STATIC_FALSE=''
USE_OSSFUZZ_STATIC_TRUE='#'
VERSION='1.3.4'
XMMS_CFLAGS=''
XMMS_CONFIG='no'
XMMS_DATA_DIR=''
XMMS_EFFECT_PLUGIN_DIR=''
XMMS_GENERAL_PLUGIN_DIR=''
XMMS_INPUT_PLUGIN_DIR=''
XMMS_LIBS=''
XMMS_OUTPUT_PLUGIN_DIR=''
XMMS_PLUGIN_DIR=''
XMMS_VERSION=''
XMMS_VISUALIZATION_PLUGIN_DIR=''
ac_ct_AR='ar'
ac_ct_CC='gcc'
ac_ct_CXX='g++'
ac_ct_DUMPBIN=''
am__EXEEXT_FALSE=''
am__EXEEXT_TRUE='#'
am__fastdepCCAS_FALSE='#'
am__fastdepCCAS_TRUE=''
am__fastdepCC_FALSE='#'
am__fastdepCC_TRUE=''
am__fastdepCXX_FALSE='#'
am__fastdepCXX_TRUE=''
am__include='include'
am__isrc=''
am__leading_dot='.'
am__nodep='_no'
am__quote=''
am__tar='tar --format=posix -chf - "$$tardir"'
am__untar='tar -xf -'
bindir='${exec_prefix}/bin'
build='x86_64-pc-linux-gnu'
build_alias=''
build_cpu='x86_64'
build_os='linux-gnu'
build_vendor='pc'
datadir='${datarootdir}'
datarootdir='${prefix}/share'
docdir='${datarootdir}/doc/${PACKAGE_TARNAME}'
dvidir='${docdir}'
exec_prefix='${prefix}'
host='x86_64-pc-linux-gnu'
host_alias=''
host_cpu='x86_64'
host_os='linux-gnu'
host_vendor='pc'
htmldir='${docdir}'
includedir='${prefix}/include'
infodir='${datarootdir}/info'
install_sh='${SHELL} /home/en0cs/uni/honours/press/flac-1.3.4/install-sh'
libdir='${exec_prefix}/lib'
libexecdir='${exec_prefix}/libexec'
localedir='${datarootdir}/locale'
localstatedir='${prefix}/var'
mandir='${datarootdir}/man'
mkdir_p='$(MKDIR_P)'
oldincludedir='/usr/include'
pdfdir='${docdir}'
prefix='/usr/local'
program_transform_name='s,x,x,'
psdir='${docdir}'
runstatedir='${localstatedir}/run'
sbindir='${exec_prefix}/sbin'
sharedstatedir='${prefix}/com'
sysconfdir='${prefix}/etc'
target_alias=''

## ----------- ##
## confdefs.h. ##
## ----------- ##

/* confdefs.h */
#define PACKAGE_NAME "flac"
#define PACKAGE_TARNAME "flac"
#define PACKAGE_VERSION "1.3.4"
#define PACKAGE_STRING "flac 1.3.4"
#define PACKAGE_BUGREPORT "flac-dev@xiph.org"
#define PACKAGE_URL "https://www.xiph.org/flac/"
#define PACKAGE "flac"
#define VERSION "1.3.4"
#define NDEBUG /**/
#define STDC_HEADERS 1
#define HAVE_SYS_TYPES_H 1
#define HAVE_SYS_STAT_H 1
#define HAVE_STDLIB_H 1
#define HAVE_STRING_H 1
#define HAVE_MEMORY_H 1
#define HAVE_STRINGS_H 1
#define HAVE_INTTYPES_H 1
#define HAVE_STDINT_H 1
#define HAVE_UNISTD_H 1
#define __EXTENSIONS__ 1
#define _ALL_SOURCE 1
#define _GNU_SOURCE 1
#define _POSIX_PTHREAD_SEMANTICS 1
#define _TANDEM_SOURCE 1
#define HAVE_DLFCN_H 1
#define LT_OBJDIR ".libs/"
#define HAVE_FSEEKO 1
#define SIZEOF_OFF_T 8
#define SIZEOF_VOIDP 8
#define HAVE_LROUND 1
#define HAVE_C_VARARRAYS 1
#define HAVE_CXX_VARARRAYS 1
#define STDC_HEADERS 1
#define HAVE_C_VARARRAYS 1
#define HAVE_TYPEOF 1
#define HAVE_STDINT_H 1
#define HAVE_INTTYPES_H 1
#define HAVE_BYTESWAP_H 1
#define HAVE_SYS_PARAM_H 1
#define HAVE_SYS_IOCTL_H 1
#define HAVE_TERMIOS_H 1
#define HAVE_X86INTRIN_H 1
#define HAVE_CPUID_H 1
#define HAVE_BSWAP32 1
#define HAVE_BSWAP16 1
#define CPU_IS_BIG_ENDIAN 0
#define CPU_IS_LITTLE_ENDIAN 1
#define WORDS_BIGENDIAN 0
#define HAVE_SOCKLEN_T 1
#define HAVE_GETOPT_LONG 1
#define SIZEOF_VOIDP 8
#define FLAC__CPU_X86_64 1
#define FLAC__HAS_X86INTRIN 1
#define FLAC__SYS_LINUX 1
#define FLAC__ALIGN_MALLOC_DATA 1
#define FLAC__USE_ALTIVEC 1
#define FLAC__USE_VSX 1
#define FLAC__USE_AVX 1
#define ENABLE_64_BIT_WORDS 0
#define FLAC__HAS_OGG 1
#define HAVE_ICONV 1
#define ICONV_CONST 
#define HAVE_LANGINFO_CODESET 1
#define FLAC__HAS_DOCBOOK_TO_MAN 1
#define HAVE_CLOCK_GETTIME 1

configure: exit 0
